[2021-04-26 00:00:24.990] [application] [DEBUG] [cn.korostudio.jsme.core.ApplicationCore] - VLCJ Support:true
[2021-04-26 00:00:25.017] [application] [DEBUG] [uk.co.caprica.vlcj.discovery.NativeDiscovery] - discover()
[2021-04-26 00:00:25.018] [application] [DEBUG] [uk.co.caprica.vlcj.discovery.NativeDiscovery] - jnaLibraryPath=null
[2021-04-26 00:00:25.018] [application] [DEBUG] [uk.co.caprica.vlcj.discovery.NativeDiscovery] - discoveryStrategy=uk.co.caprica.vlcj.discovery.linux.DefaultLinuxNativeDiscoveryStrategy@4fd54fe0
[2021-04-26 00:00:25.018] [application] [DEBUG] [uk.co.caprica.vlcj.discovery.NativeDiscovery] - supported=false
[2021-04-26 00:00:25.018] [application] [DEBUG] [uk.co.caprica.vlcj.discovery.NativeDiscovery] - discoveryStrategy=uk.co.caprica.vlcj.discovery.windows.DefaultWindowsNativeDiscoveryStrategy@19327385
[2021-04-26 00:00:25.019] [application] [DEBUG] [uk.co.caprica.vlcj.discovery.NativeDiscovery] - supported=true
[2021-04-26 00:00:25.019] [application] [DEBUG] [uk.co.caprica.vlcj.discovery.AbstractNativeDiscoveryStrategy] - discover()
[2021-04-26 00:00:25.023] [application] [DEBUG] [uk.co.caprica.vlcj.runtime.windows.WindowsRuntimeUtil] - getVlcInstallDir()
[2021-04-26 00:00:25.263] [application] [DEBUG] [uk.co.caprica.vlcj.discovery.AbstractNativeDiscoveryStrategy] - directoryNames=[C:\Program Files\VideoLAN\VLC, D:\jar\Java Swing Tween Engine, C:\WINDOWS\system32, C:\WINDOWS, C:\WINDOWS\System32\Wbem, C:\WINDOWS\System32\WindowsPowerShell\v1.0\, C:\WINDOWS\System32\OpenSSH\, C:\Users\koro\AppData\Local\Microsoft\WindowsApps]
[2021-04-26 00:00:25.264] [application] [DEBUG] [uk.co.caprica.vlcj.discovery.AbstractNativeDiscoveryStrategy] - directoryName=C:\Program Files\VideoLAN\VLC
[2021-04-26 00:00:25.264] [application] [DEBUG] [uk.co.caprica.vlcj.discovery.AbstractNativeDiscoveryStrategy] - Matched 'libvlc.dll' in 'C:\Program Files\VideoLAN\VLC'
[2021-04-26 00:00:25.265] [application] [DEBUG] [uk.co.caprica.vlcj.discovery.AbstractNativeDiscoveryStrategy] - Matched 'libvlccore.dll' in 'C:\Program Files\VideoLAN\VLC'
[2021-04-26 00:00:25.265] [application] [DEBUG] [uk.co.caprica.vlcj.discovery.AbstractNativeDiscoveryStrategy] - Matched all required files
[2021-04-26 00:00:25.265] [application] [DEBUG] [uk.co.caprica.vlcj.discovery.AbstractNativeDiscoveryStrategy] - result=C:\Program Files\VideoLAN\VLC
[2021-04-26 00:00:25.265] [application] [DEBUG] [uk.co.caprica.vlcj.discovery.NativeDiscovery] - path=C:\Program Files\VideoLAN\VLC
[2021-04-26 00:00:25.326] [application] [DEBUG] [cn.korostudio.jsme.core.Application] - Flat Support:true
[2021-04-26 00:00:26.269] [application] [DEBUG] [cn.korostudio.jsme.window.WindowController] - IsWindow:false
[2021-04-26 00:00:26.269] [application] [DEBUG] [cn.korostudio.jsme.window.WindowController] - Window Size is:w=1024 h=720
[2021-04-26 00:00:26.271] [application] [DEBUG] [cn.korostudio.jsme.window.WindowController] - SetFullSceen:false
[2021-04-26 00:00:26.395] [application] [DEBUG] [cn.korostudio.jsme.core.ApplicationCore] - Application Core is start
[2021-04-26 00:00:28.757] [AWT-EventQueue-0] [DEBUG] [cn.korostudio.jsme.core.ApplicationCore] - Application Core is stop.
[2021-04-26 00:06:36.464] [application] [DEBUG] [cn.korostudio.jsme.core.ApplicationCore] - VLCJ Support:false
[2021-04-26 00:06:36.466] [application] [DEBUG] [cn.korostudio.jsme.core.Application] - Flat Support:true
[2021-04-26 00:06:36.927] [application] [DEBUG] [cn.korostudio.jsme.window.WindowController] - IsWindow:false
[2021-04-26 00:06:36.928] [application] [DEBUG] [cn.korostudio.jsme.window.WindowController] - Window Size is:w=1024 h=720
[2021-04-26 00:06:36.929] [application] [DEBUG] [cn.korostudio.jsme.window.WindowController] - SetFullSceen:false
[2021-04-26 00:06:37.127] [application] [DEBUG] [cn.korostudio.jsme.core.ApplicationCore] - Application Core is start
[2021-04-26 00:06:54.987] [AWT-EventQueue-0] [DEBUG] [cn.korostudio.jsme.core.ApplicationCore] - Application Core is stop.
[2021-04-26 23:27:05.861] [application] [DEBUG] [cn.korostudio.jsme.core.ApplicationCore] - VLCJ Support:false
[2021-04-26 23:27:05.865] [application] [DEBUG] [cn.korostudio.jsme.core.Application] - Flat Support:true
[2021-04-26 23:27:06.619] [application] [DEBUG] [cn.korostudio.jsme.window.WindowController] - IsWindow:false
[2021-04-26 23:27:06.620] [application] [DEBUG] [cn.korostudio.jsme.window.WindowController] - Window Size is:w=1024 h=720
[2021-04-26 23:27:06.621] [application] [DEBUG] [cn.korostudio.jsme.window.WindowController] - SetFullSceen:false
[2021-04-26 23:27:06.775] [application] [DEBUG] [cn.korostudio.jsme.window.WindowController] - Start Game Loop
[2021-04-26 23:27:06.775] [application] [DEBUG] [cn.korostudio.jsme.core.ApplicationCore] - Application Core is start
[2021-04-26 23:27:08.190] [AWT-EventQueue-0] [DEBUG] [cn.korostudio.jsme.window.WindowController] - Stop Game Loop
[2021-04-26 23:27:08.191] [AWT-EventQueue-0] [DEBUG] [cn.korostudio.jsme.core.ApplicationCore] - Application Core is stop.
