[2021-04-28 00:08:57.287] [main] [DEBUG] [cn.korostudio.jsme.core.loader.Starter] - 已取得运行时所含所有类。
[2021-04-28 00:08:57.294] [main] [DEBUG] [cn.korostudio.jsme.core.loader.Starter] - 正在扫描:com.intellij.rt.execution.application.AppMainV2$Agent-[]
[2021-04-28 00:08:57.294] [main] [DEBUG] [cn.korostudio.jsme.core.loader.Starter] - 正在扫描:com.intellij.rt.execution.application.AppMainV2-[]
[2021-04-28 00:08:57.294] [main] [DEBUG] [cn.korostudio.jsme.core.loader.Starter] - 正在扫描:com.intellij.rt.execution.application.AppMainV2$1-[]
[2021-04-28 00:08:57.294] [main] [DEBUG] [cn.korostudio.jsme.core.loader.Starter] - 正在扫描:cn.korostudio.jsme.core.loader.Starter-[]
[2021-04-28 00:08:57.295] [main] [DEBUG] [cn.korostudio.jsme.core.loader.Starter] - 正在扫描:org.slf4j.LoggerFactory-[]
[2021-04-28 00:08:57.295] [main] [DEBUG] [cn.korostudio.jsme.core.loader.Starter] - 正在扫描:org.slf4j.ILoggerFactory-[]
[2021-04-28 00:08:57.295] [main] [DEBUG] [cn.korostudio.jsme.core.loader.Starter] - 正在扫描:org.slf4j.helpers.SubstituteLoggerFactory-[]
[2021-04-28 00:08:57.295] [main] [DEBUG] [cn.korostudio.jsme.core.loader.Starter] - 正在扫描:org.slf4j.Logger-[]
[2021-04-28 00:08:57.295] [main] [DEBUG] [cn.korostudio.jsme.core.loader.Starter] - 正在扫描:org.slf4j.helpers.NOPLoggerFactory-[]
[2021-04-28 00:08:57.295] [main] [DEBUG] [cn.korostudio.jsme.core.loader.Starter] - 正在扫描:org.slf4j.spi.LoggerFactoryBinder-[]
[2021-04-28 00:08:57.295] [main] [DEBUG] [cn.korostudio.jsme.core.loader.Starter] - 正在扫描:org.slf4j.impl.StaticLoggerBinder-[]
[2021-04-28 00:08:57.295] [main] [DEBUG] [cn.korostudio.jsme.core.loader.Starter] - 正在扫描:ch.qos.logback.core.joran.spi.JoranException-[]
[2021-04-28 00:08:57.295] [main] [DEBUG] [cn.korostudio.jsme.core.loader.Starter] - 正在扫描:ch.qos.logback.core.spi.PropertyContainer-[]
[2021-04-28 00:08:57.295] [main] [DEBUG] [cn.korostudio.jsme.core.loader.Starter] - 正在扫描:ch.qos.logback.core.Context-[]
[2021-04-28 00:08:57.296] [main] [DEBUG] [cn.korostudio.jsme.core.loader.Starter] - 正在扫描:ch.qos.logback.core.spi.LifeCycle-[]
[2021-04-28 00:08:57.296] [main] [DEBUG] [cn.korostudio.jsme.core.loader.Starter] - 正在扫描:ch.qos.logback.core.ContextBase-[]
[2021-04-28 00:08:57.296] [main] [DEBUG] [cn.korostudio.jsme.core.loader.Starter] - 正在扫描:ch.qos.logback.classic.LoggerContext-[]
[2021-04-28 00:08:57.296] [main] [DEBUG] [cn.korostudio.jsme.core.loader.Starter] - 正在扫描:ch.qos.logback.core.status.StatusManager-[]
[2021-04-28 00:08:57.296] [main] [DEBUG] [cn.korostudio.jsme.core.loader.Starter] - 正在扫描:ch.qos.logback.core.status.Status-[]
[2021-04-28 00:08:57.296] [main] [DEBUG] [cn.korostudio.jsme.core.loader.Starter] - 正在扫描:ch.qos.logback.core.BasicStatusManager-[]
[2021-04-28 00:08:57.296] [main] [DEBUG] [cn.korostudio.jsme.core.loader.Starter] - 正在扫描:ch.qos.logback.core.helpers.CyclicBuffer-[]
[2021-04-28 00:08:57.296] [main] [DEBUG] [cn.korostudio.jsme.core.loader.Starter] - 正在扫描:ch.qos.logback.core.spi.LogbackLock-[]
[2021-04-28 00:08:57.296] [main] [DEBUG] [cn.korostudio.jsme.core.loader.Starter] - 正在扫描:ch.qos.logback.classic.spi.TurboFilterList-[]
[2021-04-28 00:08:57.296] [main] [DEBUG] [cn.korostudio.jsme.core.loader.Starter] - 正在扫描:ch.qos.logback.classic.spi.LoggerContextVO-[]
[2021-04-28 00:08:57.297] [main] [DEBUG] [cn.korostudio.jsme.core.loader.Starter] - 正在扫描:org.slf4j.spi.LocationAwareLogger-[]
[2021-04-28 00:08:57.297] [main] [DEBUG] [cn.korostudio.jsme.core.loader.Starter] - 正在扫描:ch.qos.logback.core.spi.AppenderAttachable-[]
[2021-04-28 00:08:57.297] [main] [DEBUG] [cn.korostudio.jsme.core.loader.Starter] - 正在扫描:ch.qos.logback.classic.Logger-[]
[2021-04-28 00:08:57.297] [main] [DEBUG] [cn.korostudio.jsme.core.loader.Starter] - 正在扫描:ch.qos.logback.core.spi.DeferredProcessingAware-[]
[2021-04-28 00:08:57.297] [main] [DEBUG] [cn.korostudio.jsme.core.loader.Starter] - 正在扫描:ch.qos.logback.classic.spi.ILoggingEvent-[]
[2021-04-28 00:08:57.297] [main] [DEBUG] [cn.korostudio.jsme.core.loader.Starter] - 正在扫描:ch.qos.logback.classic.Level-[]
[2021-04-28 00:08:57.297] [main] [DEBUG] [cn.korostudio.jsme.core.loader.Starter] - 正在扫描:ch.qos.logback.classic.util.ContextSelectorStaticBinder-[]
[2021-04-28 00:08:57.297] [main] [DEBUG] [cn.korostudio.jsme.core.loader.Starter] - 正在扫描:ch.qos.logback.classic.selector.ContextSelector-[]
[2021-04-28 00:08:57.297] [main] [DEBUG] [cn.korostudio.jsme.core.loader.Starter] - 正在扫描:ch.qos.logback.classic.util.ContextInitializer-[]
[2021-04-28 00:08:57.298] [main] [DEBUG] [cn.korostudio.jsme.core.loader.Starter] - 正在扫描:ch.qos.logback.core.LogbackException-[]
[2021-04-28 00:08:57.298] [main] [DEBUG] [cn.korostudio.jsme.core.loader.Starter] - 正在扫描:ch.qos.logback.core.util.StatusListenerConfigHelper-[]
[2021-04-28 00:08:57.298] [main] [DEBUG] [cn.korostudio.jsme.core.loader.Starter] - 正在扫描:ch.qos.logback.core.status.StatusListener-[]
[2021-04-28 00:08:57.298] [main] [DEBUG] [cn.korostudio.jsme.core.loader.Starter] - 正在扫描:ch.qos.logback.core.util.OptionHelper-[]
[2021-04-28 00:08:57.298] [main] [DEBUG] [cn.korostudio.jsme.core.loader.Starter] - 正在扫描:ch.qos.logback.core.util.IncompatibleClassException-[]
[2021-04-28 00:08:57.298] [main] [DEBUG] [cn.korostudio.jsme.core.loader.Starter] - 正在扫描:ch.qos.logback.core.util.DynamicClassLoadingException-[]
[2021-04-28 00:08:57.298] [main] [DEBUG] [cn.korostudio.jsme.core.loader.Starter] - 正在扫描:ch.qos.logback.core.spi.ScanException-[]
[2021-04-28 00:08:57.298] [main] [DEBUG] [cn.korostudio.jsme.core.loader.Starter] - 正在扫描:ch.qos.logback.core.util.Loader-[]
[2021-04-28 00:08:57.298] [main] [DEBUG] [cn.korostudio.jsme.core.loader.Starter] - 正在扫描:ch.qos.logback.core.util.Loader$1-[]
[2021-04-28 00:08:57.298] [main] [DEBUG] [cn.korostudio.jsme.core.loader.Starter] - 正在扫描:ch.qos.logback.core.status.StatusBase-[]
[2021-04-28 00:08:57.299] [main] [DEBUG] [cn.korostudio.jsme.core.loader.Starter] - 正在扫描:ch.qos.logback.core.status.InfoStatus-[]
[2021-04-28 00:08:57.299] [main] [DEBUG] [cn.korostudio.jsme.core.loader.Starter] - 正在扫描:ch.qos.logback.core.spi.ContextAware-[]
[2021-04-28 00:08:57.299] [main] [DEBUG] [cn.korostudio.jsme.core.loader.Starter] - 正在扫描:ch.qos.logback.core.spi.ContextAwareBase-[]
[2021-04-28 00:08:57.299] [main] [DEBUG] [cn.korostudio.jsme.core.loader.Starter] - 正在扫描:ch.qos.logback.core.joran.GenericConfigurator-[]
[2021-04-28 00:08:57.299] [main] [DEBUG] [cn.korostudio.jsme.core.loader.Starter] - 正在扫描:ch.qos.logback.core.joran.JoranConfiguratorBase-[]
[2021-04-28 00:08:57.299] [main] [DEBUG] [cn.korostudio.jsme.core.loader.Starter] - 正在扫描:ch.qos.logback.classic.joran.JoranConfigurator-[]
[2021-04-28 00:08:57.299] [main] [DEBUG] [cn.korostudio.jsme.core.loader.Starter] - 正在扫描:ch.qos.logback.core.joran.spi.RuleStore-[]
[2021-04-28 00:08:57.299] [main] [DEBUG] [cn.korostudio.jsme.core.loader.Starter] - 正在扫描:ch.qos.logback.core.joran.action.Action-[]
[2021-04-28 00:08:57.299] [main] [DEBUG] [cn.korostudio.jsme.core.loader.Starter] - 正在扫描:ch.qos.logback.core.joran.action.ImplicitAction-[]
[2021-04-28 00:08:57.299] [main] [DEBUG] [cn.korostudio.jsme.core.loader.Starter] - 正在扫描:ch.qos.logback.core.joran.action.NestedComplexPropertyIA-[]
[2021-04-28 00:08:57.300] [main] [DEBUG] [cn.korostudio.jsme.core.loader.Starter] - 正在扫描:ch.qos.logback.core.joran.action.NestedBasicPropertyIA-[]
[2021-04-28 00:08:57.300] [main] [DEBUG] [cn.korostudio.jsme.core.loader.Starter] - 正在扫描:ch.qos.logback.core.joran.action.PropertyAction-[]
[2021-04-28 00:08:57.300] [main] [DEBUG] [cn.korostudio.jsme.core.loader.Starter] - 正在扫描:ch.qos.logback.core.joran.action.TimestampAction-[]
[2021-04-28 00:08:57.300] [main] [DEBUG] [cn.korostudio.jsme.core.loader.Starter] - 正在扫描:ch.qos.logback.core.joran.action.ShutdownHookAction-[]
[2021-04-28 00:08:57.300] [main] [DEBUG] [cn.korostudio.jsme.core.loader.Starter] - 正在扫描:ch.qos.logback.core.joran.action.DefinePropertyAction-[]
[2021-04-28 00:08:57.300] [main] [DEBUG] [cn.korostudio.jsme.core.loader.Starter] - 正在扫描:ch.qos.logback.core.joran.action.ContextPropertyAction-[]
[2021-04-28 00:08:57.300] [main] [DEBUG] [cn.korostudio.jsme.core.loader.Starter] - 正在扫描:ch.qos.logback.core.joran.action.ConversionRuleAction-[]
[2021-04-28 00:08:57.300] [main] [DEBUG] [cn.korostudio.jsme.core.loader.Starter] - 正在扫描:ch.qos.logback.core.joran.action.StatusListenerAction-[]
[2021-04-28 00:08:57.301] [main] [DEBUG] [cn.korostudio.jsme.core.loader.Starter] - 正在扫描:ch.qos.logback.core.joran.action.AppenderAction-[]
[2021-04-28 00:08:57.301] [main] [DEBUG] [cn.korostudio.jsme.core.loader.Starter] - 正在扫描:ch.qos.logback.core.joran.action.AppenderRefAction-[]
[2021-04-28 00:08:57.301] [main] [DEBUG] [cn.korostudio.jsme.core.loader.Starter] - 正在扫描:ch.qos.logback.core.joran.action.NewRuleAction-[]
[2021-04-28 00:08:57.301] [main] [DEBUG] [cn.korostudio.jsme.core.loader.Starter] - 正在扫描:ch.qos.logback.core.joran.action.ParamAction-[]
[2021-04-28 00:08:57.301] [main] [DEBUG] [cn.korostudio.jsme.core.loader.Starter] - 正在扫描:ch.qos.logback.classic.joran.action.ConfigurationAction-[]
[2021-04-28 00:08:57.301] [main] [DEBUG] [cn.korostudio.jsme.core.loader.Starter] - 正在扫描:ch.qos.logback.classic.joran.action.ContextNameAction-[]
[2021-04-28 00:08:57.301] [main] [DEBUG] [cn.korostudio.jsme.core.loader.Starter] - 正在扫描:ch.qos.logback.classic.joran.action.LoggerContextListenerAction-[]
[2021-04-28 00:08:57.301] [main] [DEBUG] [cn.korostudio.jsme.core.loader.Starter] - 正在扫描:ch.qos.logback.classic.joran.action.InsertFromJNDIAction-[]
[2021-04-28 00:08:57.301] [main] [DEBUG] [cn.korostudio.jsme.core.loader.Starter] - 正在扫描:ch.qos.logback.core.joran.action.AbstractEventEvaluatorAction-[]
[2021-04-28 00:08:57.301] [main] [DEBUG] [cn.korostudio.jsme.core.loader.Starter] - 正在扫描:ch.qos.logback.classic.joran.action.EvaluatorAction-[]
[2021-04-28 00:08:57.301] [main] [DEBUG] [cn.korostudio.jsme.core.loader.Starter] - 正在扫描:ch.qos.logback.core.joran.event.InPlayListener-[]
[2021-04-28 00:08:57.301] [main] [DEBUG] [cn.korostudio.jsme.core.loader.Starter] - 正在扫描:ch.qos.logback.classic.sift.SiftAction-[]
[2021-04-28 00:08:57.301] [main] [DEBUG] [cn.korostudio.jsme.core.loader.Starter] - 正在扫描:ch.qos.logback.core.joran.action.NOPAction-[]
[2021-04-28 00:08:57.302] [main] [DEBUG] [cn.korostudio.jsme.core.loader.Starter] - 正在扫描:ch.qos.logback.classic.joran.action.LoggerAction-[]
[2021-04-28 00:08:57.302] [main] [DEBUG] [cn.korostudio.jsme.core.loader.Starter] - 正在扫描:ch.qos.logback.classic.joran.action.LevelAction-[]
[2021-04-28 00:08:57.302] [main] [DEBUG] [cn.korostudio.jsme.core.loader.Starter] - 正在扫描:ch.qos.logback.classic.joran.action.RootLoggerAction-[]
[2021-04-28 00:08:57.302] [main] [DEBUG] [cn.korostudio.jsme.core.loader.Starter] - 正在扫描:ch.qos.logback.core.joran.conditional.IfAction-[]
[2021-04-28 00:08:57.302] [main] [DEBUG] [cn.korostudio.jsme.core.loader.Starter] - 正在扫描:ch.qos.logback.core.joran.conditional.ThenOrElseActionBase-[]
[2021-04-28 00:08:57.302] [main] [DEBUG] [cn.korostudio.jsme.core.loader.Starter] - 正在扫描:ch.qos.logback.core.joran.conditional.ThenAction-[]
[2021-04-28 00:08:57.302] [main] [DEBUG] [cn.korostudio.jsme.core.loader.Starter] - 正在扫描:ch.qos.logback.core.joran.conditional.ElseAction-[]
[2021-04-28 00:08:57.302] [main] [DEBUG] [cn.korostudio.jsme.core.loader.Starter] - 正在扫描:ch.qos.logback.classic.joran.action.JMXConfiguratorAction-[]
[2021-04-28 00:08:57.302] [main] [DEBUG] [cn.korostudio.jsme.core.loader.Starter] - 正在扫描:ch.qos.logback.core.joran.action.IncludeAction-[]
[2021-04-28 00:08:57.302] [main] [DEBUG] [cn.korostudio.jsme.core.loader.Starter] - 正在扫描:ch.qos.logback.classic.joran.action.ConsolePluginAction-[]
[2021-04-28 00:08:57.302] [main] [DEBUG] [cn.korostudio.jsme.core.loader.Starter] - 正在扫描:ch.qos.logback.classic.joran.action.ReceiverAction-[]
[2021-04-28 00:08:57.302] [main] [DEBUG] [cn.korostudio.jsme.core.loader.Starter] - 正在扫描:ch.qos.logback.core.joran.util.ConfigurationWatchListUtil-[]
[2021-04-28 00:08:57.302] [main] [DEBUG] [cn.korostudio.jsme.core.loader.Starter] - 正在扫描:ch.qos.logback.core.joran.spi.ConfigurationWatchList-[]
[2021-04-28 00:08:57.302] [main] [DEBUG] [cn.korostudio.jsme.core.loader.Starter] - 正在扫描:ch.qos.logback.core.joran.event.SaxEventRecorder-[]
[2021-04-28 00:08:57.302] [main] [DEBUG] [cn.korostudio.jsme.core.loader.Starter] - 正在扫描:ch.qos.logback.core.joran.spi.ElementPath-[]
[2021-04-28 00:08:57.302] [main] [DEBUG] [cn.korostudio.jsme.core.loader.Starter] - 正在扫描:ch.qos.logback.core.spi.ContextAwareImpl-[]
[2021-04-28 00:08:57.303] [main] [DEBUG] [cn.korostudio.jsme.core.loader.Starter] - 正在扫描:ch.qos.logback.core.joran.event.SaxEvent-[]
[2021-04-28 00:08:57.303] [main] [DEBUG] [cn.korostudio.jsme.core.loader.Starter] - 正在扫描:ch.qos.logback.core.joran.event.StartEvent-[]
[2021-04-28 00:08:57.303] [main] [DEBUG] [cn.korostudio.jsme.core.loader.Starter] - 正在扫描:ch.qos.logback.core.joran.event.BodyEvent-[]
[2021-04-28 00:08:57.303] [main] [DEBUG] [cn.korostudio.jsme.core.loader.Starter] - 正在扫描:ch.qos.logback.core.joran.event.EndEvent-[]
[2021-04-28 00:08:57.303] [main] [DEBUG] [cn.korostudio.jsme.core.loader.Starter] - 正在扫描:ch.qos.logback.core.joran.spi.SimpleRuleStore-[]
[2021-04-28 00:08:57.303] [main] [DEBUG] [cn.korostudio.jsme.core.loader.Starter] - 正在扫描:ch.qos.logback.core.joran.spi.ElementSelector-[]
[2021-04-28 00:08:57.303] [main] [DEBUG] [cn.korostudio.jsme.core.loader.Starter] - 正在扫描:ch.qos.logback.core.joran.spi.ActionException-[]
[2021-04-28 00:08:57.303] [main] [DEBUG] [cn.korostudio.jsme.core.loader.Starter] - 正在扫描:ch.qos.logback.core.joran.util.beans.BeanDescriptionCache-[]
[2021-04-28 00:08:57.303] [main] [DEBUG] [cn.korostudio.jsme.core.loader.Starter] - 正在扫描:ch.qos.logback.core.sift.AppenderFactory-[]
[2021-04-28 00:08:57.303] [main] [DEBUG] [cn.korostudio.jsme.core.loader.Starter] - 正在扫描:ch.qos.logback.classic.spi.PlatformInfo-[]
[2021-04-28 00:08:57.303] [main] [DEBUG] [cn.korostudio.jsme.core.loader.Starter] - 正在扫描:ch.qos.logback.core.spi.FilterAttachable-[]
[2021-04-28 00:08:57.303] [main] [DEBUG] [cn.korostudio.jsme.core.loader.Starter] - 正在扫描:ch.qos.logback.core.Appender-[]
[2021-04-28 00:08:57.303] [main] [DEBUG] [cn.korostudio.jsme.core.loader.Starter] - 正在扫描:ch.qos.logback.core.joran.spi.Interpreter-[]
[2021-04-28 00:08:57.303] [main] [DEBUG] [cn.korostudio.jsme.core.loader.Starter] - 正在扫描:ch.qos.logback.core.joran.spi.CAI_WithLocatorSupport-[]
[2021-04-28 00:08:57.303] [main] [DEBUG] [cn.korostudio.jsme.core.loader.Starter] - 正在扫描:ch.qos.logback.core.joran.spi.InterpretationContext-[]
[2021-04-28 00:08:57.304] [main] [DEBUG] [cn.korostudio.jsme.core.loader.Starter] - 正在扫描:ch.qos.logback.core.joran.spi.DefaultNestedComponentRegistry-[]
[2021-04-28 00:08:57.304] [main] [DEBUG] [cn.korostudio.jsme.core.loader.Starter] - 正在扫描:ch.qos.logback.core.joran.spi.EventPlayer-[]
[2021-04-28 00:08:57.304] [main] [DEBUG] [cn.korostudio.jsme.core.loader.Starter] - 正在扫描:ch.qos.logback.classic.util.DefaultNestedComponentRules-[]
[2021-04-28 00:08:57.304] [main] [DEBUG] [cn.korostudio.jsme.core.loader.Starter] - 正在扫描:ch.qos.logback.core.AppenderBase-[]
[2021-04-28 00:08:57.304] [main] [DEBUG] [cn.korostudio.jsme.core.loader.Starter] - 正在扫描:ch.qos.logback.core.Layout-[]
[2021-04-28 00:08:57.304] [main] [DEBUG] [cn.korostudio.jsme.core.loader.Starter] - 正在扫描:ch.qos.logback.core.LayoutBase-[]
[2021-04-28 00:08:57.304] [main] [DEBUG] [cn.korostudio.jsme.core.loader.Starter] - 正在扫描:ch.qos.logback.core.pattern.PatternLayoutBase-[]
[2021-04-28 00:08:57.304] [main] [DEBUG] [cn.korostudio.jsme.core.loader.Starter] - 正在扫描:ch.qos.logback.classic.PatternLayout-[]
[2021-04-28 00:08:57.304] [main] [DEBUG] [cn.korostudio.jsme.core.loader.Starter] - 正在扫描:ch.qos.logback.core.joran.spi.HostClassAndPropertyDouble-[]
[2021-04-28 00:08:57.304] [main] [DEBUG] [cn.korostudio.jsme.core.loader.Starter] - 正在扫描:ch.qos.logback.core.UnsynchronizedAppenderBase-[]
[2021-04-28 00:08:57.304] [main] [DEBUG] [cn.korostudio.jsme.core.loader.Starter] - 正在扫描:ch.qos.logback.core.encoder.Encoder-[]
[2021-04-28 00:08:57.304] [main] [DEBUG] [cn.korostudio.jsme.core.loader.Starter] - 正在扫描:ch.qos.logback.core.encoder.EncoderBase-[]
[2021-04-28 00:08:57.304] [main] [DEBUG] [cn.korostudio.jsme.core.loader.Starter] - 正在扫描:ch.qos.logback.core.encoder.LayoutWrappingEncoder-[]
[2021-04-28 00:08:57.304] [main] [DEBUG] [cn.korostudio.jsme.core.loader.Starter] - 正在扫描:ch.qos.logback.core.pattern.PatternLayoutEncoderBase-[]
[2021-04-28 00:08:57.304] [main] [DEBUG] [cn.korostudio.jsme.core.loader.Starter] - 正在扫描:ch.qos.logback.classic.encoder.PatternLayoutEncoder-[]
[2021-04-28 00:08:57.304] [main] [DEBUG] [cn.korostudio.jsme.core.loader.Starter] - 正在扫描:ch.qos.logback.core.filter.Filter-[]
[2021-04-28 00:08:57.304] [main] [DEBUG] [cn.korostudio.jsme.core.loader.Starter] - 正在扫描:ch.qos.logback.core.filter.AbstractMatcherFilter-[]
[2021-04-28 00:08:57.304] [main] [DEBUG] [cn.korostudio.jsme.core.loader.Starter] - 正在扫描:ch.qos.logback.core.filter.EvaluatorFilter-[]
[2021-04-28 00:08:57.304] [main] [DEBUG] [cn.korostudio.jsme.core.loader.Starter] - 正在扫描:ch.qos.logback.core.boolex.EventEvaluator-[]
[2021-04-28 00:08:57.305] [main] [DEBUG] [cn.korostudio.jsme.core.loader.Starter] - 正在扫描:ch.qos.logback.core.boolex.EventEvaluatorBase-[]
[2021-04-28 00:08:57.305] [main] [DEBUG] [cn.korostudio.jsme.core.loader.Starter] - 正在扫描:ch.qos.logback.core.boolex.JaninoEventEvaluatorBase-[]
[2021-04-28 00:08:57.305] [main] [DEBUG] [cn.korostudio.jsme.core.loader.Starter] - 正在扫描:ch.qos.logback.classic.boolex.JaninoEventEvaluator-[]
[2021-04-28 00:08:57.305] [main] [DEBUG] [cn.korostudio.jsme.core.loader.Starter] - 正在扫描:ch.qos.logback.core.net.ssl.SSLNestedComponentRegistryRules-[]
[2021-04-28 00:08:57.305] [main] [DEBUG] [cn.korostudio.jsme.core.loader.Starter] - 正在扫描:ch.qos.logback.core.net.ssl.SSLComponent-[]
[2021-04-28 00:08:57.305] [main] [DEBUG] [cn.korostudio.jsme.core.loader.Starter] - 正在扫描:ch.qos.logback.core.net.ssl.SSLContextFactoryBean-[]
[2021-04-28 00:08:57.305] [main] [DEBUG] [cn.korostudio.jsme.core.loader.Starter] - 正在扫描:ch.qos.logback.core.net.ssl.SSLConfiguration-[]
[2021-04-28 00:08:57.305] [main] [DEBUG] [cn.korostudio.jsme.core.loader.Starter] - 正在扫描:ch.qos.logback.core.net.ssl.SSLParametersConfiguration-[]
[2021-04-28 00:08:57.306] [main] [DEBUG] [cn.korostudio.jsme.core.loader.Starter] - 正在扫描:ch.qos.logback.core.net.ssl.KeyStoreFactoryBean-[]
[2021-04-28 00:08:57.306] [main] [DEBUG] [cn.korostudio.jsme.core.loader.Starter] - 正在扫描:ch.qos.logback.core.net.ssl.KeyManagerFactoryFactoryBean-[]
[2021-04-28 00:08:57.306] [main] [DEBUG] [cn.korostudio.jsme.core.loader.Starter] - 正在扫描:ch.qos.logback.core.net.ssl.TrustManagerFactoryFactoryBean-[]
[2021-04-28 00:08:57.306] [main] [DEBUG] [cn.korostudio.jsme.core.loader.Starter] - 正在扫描:ch.qos.logback.core.net.ssl.SecureRandomFactoryBean-[]
[2021-04-28 00:08:57.306] [main] [DEBUG] [cn.korostudio.jsme.core.loader.Starter] - 正在扫描:ch.qos.logback.core.subst.NodeToStringTransformer-[]
[2021-04-28 00:08:57.306] [main] [DEBUG] [cn.korostudio.jsme.core.loader.Starter] - 正在扫描:ch.qos.logback.core.subst.Tokenizer-[]
[2021-04-28 00:08:57.306] [main] [DEBUG] [cn.korostudio.jsme.core.loader.Starter] - 正在扫描:ch.qos.logback.core.subst.Tokenizer$TokenizerState-[]
[2021-04-28 00:08:57.306] [main] [DEBUG] [cn.korostudio.jsme.core.loader.Starter] - 正在扫描:ch.qos.logback.core.subst.Tokenizer$1-[]
[2021-04-28 00:08:57.306] [main] [DEBUG] [cn.korostudio.jsme.core.loader.Starter] - 正在扫描:ch.qos.logback.core.subst.Token-[]
[2021-04-28 00:08:57.306] [main] [DEBUG] [cn.korostudio.jsme.core.loader.Starter] - 正在扫描:ch.qos.logback.core.subst.Token$Type-[]
[2021-04-28 00:08:57.306] [main] [DEBUG] [cn.korostudio.jsme.core.loader.Starter] - 正在扫描:ch.qos.logback.core.subst.Parser-[]
[2021-04-28 00:08:57.306] [main] [DEBUG] [cn.korostudio.jsme.core.loader.Starter] - 正在扫描:ch.qos.logback.core.subst.Parser$1-[]
[2021-04-28 00:08:57.306] [main] [DEBUG] [cn.korostudio.jsme.core.loader.Starter] - 正在扫描:ch.qos.logback.core.subst.Node-[]
[2021-04-28 00:08:57.306] [main] [DEBUG] [cn.korostudio.jsme.core.loader.Starter] - 正在扫描:ch.qos.logback.core.subst.Node$Type-[]
[2021-04-28 00:08:57.306] [main] [DEBUG] [cn.korostudio.jsme.core.loader.Starter] - 正在扫描:ch.qos.logback.core.subst.NodeToStringTransformer$1-[]
[2021-04-28 00:08:57.306] [main] [DEBUG] [cn.korostudio.jsme.core.loader.Starter] - 正在扫描:ch.qos.logback.core.util.ExecutorServiceUtil-[]
[2021-04-28 00:08:57.306] [main] [DEBUG] [cn.korostudio.jsme.core.loader.Starter] - 正在扫描:ch.qos.logback.core.util.ExecutorServiceUtil$1-[]
[2021-04-28 00:08:57.306] [main] [DEBUG] [cn.korostudio.jsme.core.loader.Starter] - 正在扫描:ch.qos.logback.classic.joran.ReconfigureOnChangeTask-[]
[2021-04-28 00:08:57.306] [main] [DEBUG] [cn.korostudio.jsme.core.loader.Starter] - 正在扫描:ch.qos.logback.core.util.Duration-[]
[2021-04-28 00:08:57.306] [main] [DEBUG] [cn.korostudio.jsme.core.loader.Starter] - 正在扫描:ch.qos.logback.classic.util.EnvUtil-[]
[2021-04-28 00:08:57.306] [main] [DEBUG] [cn.korostudio.jsme.core.loader.Starter] - 正在扫描:ch.qos.logback.classic.jmx.JMXConfiguratorMBean-[]
[2021-04-28 00:08:57.306] [main] [DEBUG] [cn.korostudio.jsme.core.loader.Starter] - 正在扫描:ch.qos.logback.classic.spi.LoggerContextListener-[]
[2021-04-28 00:08:57.306] [main] [DEBUG] [cn.korostudio.jsme.core.loader.Starter] - 正在扫描:ch.qos.logback.classic.jmx.JMXConfigurator-[]
[2021-04-28 00:08:57.306] [main] [DEBUG] [cn.korostudio.jsme.core.loader.Starter] - 正在扫描:ch.qos.logback.classic.jmx.MBeanUtil-[]
[2021-04-28 00:08:57.307] [main] [DEBUG] [cn.korostudio.jsme.core.loader.Starter] - 正在扫描:ch.qos.logback.core.status.StatusUtil-[]
[2021-04-28 00:08:57.307] [main] [DEBUG] [cn.korostudio.jsme.core.loader.Starter] - 正在扫描:ch.qos.logback.core.joran.action.ActionUtil-[]
[2021-04-28 00:08:57.307] [main] [DEBUG] [cn.korostudio.jsme.core.loader.Starter] - 正在扫描:ch.qos.logback.core.joran.action.ActionUtil$Scope-[]
[2021-04-28 00:08:57.307] [main] [DEBUG] [cn.korostudio.jsme.core.loader.Starter] - 正在扫描:ch.qos.logback.core.pattern.util.IEscapeUtil-[]
[2021-04-28 00:08:57.307] [main] [DEBUG] [cn.korostudio.jsme.core.loader.Starter] - 正在扫描:ch.qos.logback.core.pattern.util.RegularEscapeUtil-[]
[2021-04-28 00:08:57.307] [main] [DEBUG] [cn.korostudio.jsme.core.loader.Starter] - 正在扫描:ch.qos.logback.core.joran.action.ActionUtil$1-[]
[2021-04-28 00:08:57.307] [main] [DEBUG] [cn.korostudio.jsme.core.loader.Starter] - 正在扫描:ch.qos.logback.core.OutputStreamAppender-[]
[2021-04-28 00:08:57.307] [main] [DEBUG] [cn.korostudio.jsme.core.loader.Starter] - 正在扫描:ch.qos.logback.core.ConsoleAppender-[]
[2021-04-28 00:08:57.307] [main] [DEBUG] [cn.korostudio.jsme.core.loader.Starter] - 正在扫描:ch.qos.logback.core.spi.FilterAttachableImpl-[]
[2021-04-28 00:08:57.307] [main] [DEBUG] [cn.korostudio.jsme.core.loader.Starter] - 正在扫描:ch.qos.logback.core.util.COWArrayList-[]
[2021-04-28 00:08:57.307] [main] [DEBUG] [cn.korostudio.jsme.core.loader.Starter] - 正在扫描:ch.qos.logback.core.joran.spi.ConsoleTarget-[]
[2021-04-28 00:08:57.307] [main] [DEBUG] [cn.korostudio.jsme.core.loader.Starter] - 正在扫描:ch.qos.logback.core.joran.spi.ConsoleTarget$1-[]
[2021-04-28 00:08:57.307] [main] [DEBUG] [cn.korostudio.jsme.core.loader.Starter] - 正在扫描:ch.qos.logback.core.joran.spi.ConsoleTarget$2-[]
[2021-04-28 00:08:57.307] [main] [DEBUG] [cn.korostudio.jsme.core.loader.Starter] - 正在扫描:ch.qos.logback.core.joran.util.PropertySetter-[]
[2021-04-28 00:08:57.307] [main] [DEBUG] [cn.korostudio.jsme.core.loader.Starter] - 正在扫描:ch.qos.logback.core.util.PropertySetterException-[]
[2021-04-28 00:08:57.307] [main] [DEBUG] [cn.korostudio.jsme.core.loader.Starter] - 正在扫描:ch.qos.logback.core.joran.util.beans.BeanDescriptionFactory-[]
[2021-04-28 00:08:57.307] [main] [DEBUG] [cn.korostudio.jsme.core.loader.Starter] - 正在扫描:ch.qos.logback.core.spi.FilterReply-[]
[2021-04-28 00:08:57.307] [main] [DEBUG] [cn.korostudio.jsme.core.loader.Starter] - 正在扫描:ch.qos.logback.core.joran.util.beans.BeanUtil-[]
[2021-04-28 00:08:57.307] [main] [DEBUG] [cn.korostudio.jsme.core.loader.Starter] - 正在扫描:ch.qos.logback.core.joran.util.beans.BeanDescription-[]
[2021-04-28 00:08:57.307] [main] [DEBUG] [cn.korostudio.jsme.core.loader.Starter] - 正在扫描:ch.qos.logback.core.joran.util.StringToObjectConverter-[]
[2021-04-28 00:08:57.307] [main] [DEBUG] [cn.korostudio.jsme.core.loader.Starter] - 正在扫描:ch.qos.logback.core.util.AggregationType-[]
[2021-04-28 00:08:57.307] [main] [DEBUG] [cn.korostudio.jsme.core.loader.Starter] - 正在扫描:ch.qos.logback.core.joran.action.NestedComplexPropertyIA$1-[]
[2021-04-28 00:08:57.307] [main] [DEBUG] [cn.korostudio.jsme.core.loader.Starter] - 正在扫描:ch.qos.logback.core.joran.action.IADataForComplexProperty-[]
[2021-04-28 00:08:57.307] [main] [DEBUG] [cn.korostudio.jsme.core.loader.Starter] - 正在扫描:ch.qos.logback.core.joran.action.NestedBasicPropertyIA$1-[]
[2021-04-28 00:08:57.307] [main] [DEBUG] [cn.korostudio.jsme.core.loader.Starter] - 正在扫描:ch.qos.logback.core.joran.action.IADataForBasicProperty-[]
[2021-04-28 00:08:57.308] [main] [DEBUG] [cn.korostudio.jsme.core.loader.Starter] - 正在扫描:ch.qos.logback.core.CoreConstants-[]
[2021-04-28 00:08:57.308] [main] [DEBUG] [cn.korostudio.jsme.core.loader.Starter] - 正在扫描:ch.qos.logback.core.joran.spi.NoAutoStartUtil-[]
[2021-04-28 00:08:57.311] [main] [DEBUG] [cn.korostudio.jsme.core.loader.Starter] - 正在扫描:ch.qos.logback.core.joran.spi.NoAutoStart-[@java.lang.annotation.Retention(value=RUNTIME), @java.lang.annotation.Target(value={TYPE})]
[2021-04-28 00:08:57.312] [main] [DEBUG] [cn.korostudio.jsme.core.loader.Starter] - 正在扫描:ch.qos.logback.core.pattern.PostCompileProcessor-[]
[2021-04-28 00:08:57.312] [main] [DEBUG] [cn.korostudio.jsme.core.loader.Starter] - 正在扫描:ch.qos.logback.core.pattern.parser.Parser-[]
[2021-04-28 00:08:57.312] [main] [DEBUG] [cn.korostudio.jsme.core.loader.Starter] - 正在扫描:ch.qos.logback.core.pattern.parser.Node-[]
[2021-04-28 00:08:57.312] [main] [DEBUG] [cn.korostudio.jsme.core.loader.Starter] - 正在扫描:ch.qos.logback.core.pattern.parser.FormattingNode-[]
[2021-04-28 00:08:57.312] [main] [DEBUG] [cn.korostudio.jsme.core.loader.Starter] - 正在扫描:ch.qos.logback.core.pattern.parser.SimpleKeywordNode-[]
[2021-04-28 00:08:57.312] [main] [DEBUG] [cn.korostudio.jsme.core.loader.Starter] - 正在扫描:ch.qos.logback.core.pattern.parser.CompositeNode-[]
[2021-04-28 00:08:57.312] [main] [DEBUG] [cn.korostudio.jsme.core.loader.Starter] - 正在扫描:ch.qos.logback.core.pattern.parser.Token-[]
[2021-04-28 00:08:57.312] [main] [DEBUG] [cn.korostudio.jsme.core.loader.Starter] - 正在扫描:ch.qos.logback.core.pattern.Converter-[]
[2021-04-28 00:08:57.312] [main] [DEBUG] [cn.korostudio.jsme.core.loader.Starter] - 正在扫描:ch.qos.logback.core.pattern.FormattingConverter-[]
[2021-04-28 00:08:57.312] [main] [DEBUG] [cn.korostudio.jsme.core.loader.Starter] - 正在扫描:ch.qos.logback.core.pattern.DynamicConverter-[]
[2021-04-28 00:08:57.312] [main] [DEBUG] [cn.korostudio.jsme.core.loader.Starter] - 正在扫描:ch.qos.logback.core.pattern.CompositeConverter-[]
[2021-04-28 00:08:57.312] [main] [DEBUG] [cn.korostudio.jsme.core.loader.Starter] - 正在扫描:ch.qos.logback.core.pattern.IdentityCompositeConverter-[]
[2021-04-28 00:08:57.312] [main] [DEBUG] [cn.korostudio.jsme.core.loader.Starter] - 正在扫描:ch.qos.logback.core.pattern.ReplacingCompositeConverter-[]
[2021-04-28 00:08:57.312] [main] [DEBUG] [cn.korostudio.jsme.core.loader.Starter] - 正在扫描:ch.qos.logback.classic.pattern.ClassicConverter-[]
[2021-04-28 00:08:57.312] [main] [DEBUG] [cn.korostudio.jsme.core.loader.Starter] - 正在扫描:ch.qos.logback.classic.pattern.DateConverter-[]
[2021-04-28 00:08:57.312] [main] [DEBUG] [cn.korostudio.jsme.core.loader.Starter] - 正在扫描:ch.qos.logback.classic.pattern.RelativeTimeConverter-[]
[2021-04-28 00:08:57.312] [main] [DEBUG] [cn.korostudio.jsme.core.loader.Starter] - 正在扫描:ch.qos.logback.classic.pattern.LevelConverter-[]
[2021-04-28 00:08:57.312] [main] [DEBUG] [cn.korostudio.jsme.core.loader.Starter] - 正在扫描:ch.qos.logback.classic.pattern.ThreadConverter-[]
[2021-04-28 00:08:57.312] [main] [DEBUG] [cn.korostudio.jsme.core.loader.Starter] - 正在扫描:ch.qos.logback.classic.pattern.NamedConverter-[]
[2021-04-28 00:08:57.313] [main] [DEBUG] [cn.korostudio.jsme.core.loader.Starter] - 正在扫描:ch.qos.logback.classic.pattern.LoggerConverter-[]
[2021-04-28 00:08:57.313] [main] [DEBUG] [cn.korostudio.jsme.core.loader.Starter] - 正在扫描:ch.qos.logback.classic.pattern.MessageConverter-[]
[2021-04-28 00:08:57.313] [main] [DEBUG] [cn.korostudio.jsme.core.loader.Starter] - 正在扫描:ch.qos.logback.classic.pattern.ClassOfCallerConverter-[]
[2021-04-28 00:08:57.313] [main] [DEBUG] [cn.korostudio.jsme.core.loader.Starter] - 正在扫描:ch.qos.logback.classic.pattern.MethodOfCallerConverter-[]
[2021-04-28 00:08:57.313] [main] [DEBUG] [cn.korostudio.jsme.core.loader.Starter] - 正在扫描:ch.qos.logback.classic.pattern.LineOfCallerConverter-[]
[2021-04-28 00:08:57.313] [main] [DEBUG] [cn.korostudio.jsme.core.loader.Starter] - 正在扫描:ch.qos.logback.classic.pattern.FileOfCallerConverter-[]
[2021-04-28 00:08:57.313] [main] [DEBUG] [cn.korostudio.jsme.core.loader.Starter] - 正在扫描:ch.qos.logback.classic.pattern.MDCConverter-[]
[2021-04-28 00:08:57.313] [main] [DEBUG] [cn.korostudio.jsme.core.loader.Starter] - 正在扫描:ch.qos.logback.classic.pattern.ThrowableHandlingConverter-[]
[2021-04-28 00:08:57.313] [main] [DEBUG] [cn.korostudio.jsme.core.loader.Starter] - 正在扫描:ch.qos.logback.classic.pattern.ThrowableProxyConverter-[]
[2021-04-28 00:08:57.313] [main] [DEBUG] [cn.korostudio.jsme.core.loader.Starter] - 正在扫描:ch.qos.logback.classic.pattern.ExtendedThrowableProxyConverter-[]
[2021-04-28 00:08:57.313] [main] [DEBUG] [cn.korostudio.jsme.core.loader.Starter] - 正在扫描:ch.qos.logback.classic.pattern.RootCauseFirstThrowableProxyConverter-[]
[2021-04-28 00:08:57.313] [main] [DEBUG] [cn.korostudio.jsme.core.loader.Starter] - 正在扫描:ch.qos.logback.classic.pattern.NopThrowableInformationConverter-[]
[2021-04-28 00:08:57.313] [main] [DEBUG] [cn.korostudio.jsme.core.loader.Starter] - 正在扫描:ch.qos.logback.classic.pattern.ContextNameConverter-[]
[2021-04-28 00:08:57.313] [main] [DEBUG] [cn.korostudio.jsme.core.loader.Starter] - 正在扫描:ch.qos.logback.classic.pattern.CallerDataConverter-[]
[2021-04-28 00:08:57.313] [main] [DEBUG] [cn.korostudio.jsme.core.loader.Starter] - 正在扫描:ch.qos.logback.classic.pattern.MarkerConverter-[]
[2021-04-28 00:08:57.313] [main] [DEBUG] [cn.korostudio.jsme.core.loader.Starter] - 正在扫描:ch.qos.logback.classic.pattern.PropertyConverter-[]
[2021-04-28 00:08:57.313] [main] [DEBUG] [cn.korostudio.jsme.core.loader.Starter] - 正在扫描:ch.qos.logback.classic.pattern.LineSeparatorConverter-[]
[2021-04-28 00:08:57.313] [main] [DEBUG] [cn.korostudio.jsme.core.loader.Starter] - 正在扫描:ch.qos.logback.core.pattern.color.ForegroundCompositeConverterBase-[]
[2021-04-28 00:08:57.313] [main] [DEBUG] [cn.korostudio.jsme.core.loader.Starter] - 正在扫描:ch.qos.logback.core.pattern.color.BlackCompositeConverter-[]
[2021-04-28 00:08:57.314] [main] [DEBUG] [cn.korostudio.jsme.core.loader.Starter] - 正在扫描:ch.qos.logback.core.pattern.color.RedCompositeConverter-[]
[2021-04-28 00:08:57.314] [main] [DEBUG] [cn.korostudio.jsme.core.loader.Starter] - 正在扫描:ch.qos.logback.core.pattern.color.GreenCompositeConverter-[]
[2021-04-28 00:08:57.314] [main] [DEBUG] [cn.korostudio.jsme.core.loader.Starter] - 正在扫描:ch.qos.logback.core.pattern.color.YellowCompositeConverter-[]
[2021-04-28 00:08:57.314] [main] [DEBUG] [cn.korostudio.jsme.core.loader.Starter] - 正在扫描:ch.qos.logback.core.pattern.color.BlueCompositeConverter-[]
[2021-04-28 00:08:57.314] [main] [DEBUG] [cn.korostudio.jsme.core.loader.Starter] - 正在扫描:ch.qos.logback.core.pattern.color.MagentaCompositeConverter-[]
[2021-04-28 00:08:57.314] [main] [DEBUG] [cn.korostudio.jsme.core.loader.Starter] - 正在扫描:ch.qos.logback.core.pattern.color.CyanCompositeConverter-[]
[2021-04-28 00:08:57.314] [main] [DEBUG] [cn.korostudio.jsme.core.loader.Starter] - 正在扫描:ch.qos.logback.core.pattern.color.WhiteCompositeConverter-[]
[2021-04-28 00:08:57.314] [main] [DEBUG] [cn.korostudio.jsme.core.loader.Starter] - 正在扫描:ch.qos.logback.core.pattern.color.GrayCompositeConverter-[]
[2021-04-28 00:08:57.314] [main] [DEBUG] [cn.korostudio.jsme.core.loader.Starter] - 正在扫描:ch.qos.logback.core.pattern.color.BoldRedCompositeConverter-[]
[2021-04-28 00:08:57.314] [main] [DEBUG] [cn.korostudio.jsme.core.loader.Starter] - 正在扫描:ch.qos.logback.core.pattern.color.BoldGreenCompositeConverter-[]
[2021-04-28 00:08:57.314] [main] [DEBUG] [cn.korostudio.jsme.core.loader.Starter] - 正在扫描:ch.qos.logback.core.pattern.color.BoldYellowCompositeConverter-[]
[2021-04-28 00:08:57.314] [main] [DEBUG] [cn.korostudio.jsme.core.loader.Starter] - 正在扫描:ch.qos.logback.core.pattern.color.BoldBlueCompositeConverter-[]
[2021-04-28 00:08:57.314] [main] [DEBUG] [cn.korostudio.jsme.core.loader.Starter] - 正在扫描:ch.qos.logback.core.pattern.color.BoldMagentaCompositeConverter-[]
[2021-04-28 00:08:57.314] [main] [DEBUG] [cn.korostudio.jsme.core.loader.Starter] - 正在扫描:ch.qos.logback.core.pattern.color.BoldCyanCompositeConverter-[]
[2021-04-28 00:08:57.314] [main] [DEBUG] [cn.korostudio.jsme.core.loader.Starter] - 正在扫描:ch.qos.logback.core.pattern.color.BoldWhiteCompositeConverter-[]
[2021-04-28 00:08:57.314] [main] [DEBUG] [cn.korostudio.jsme.core.loader.Starter] - 正在扫描:ch.qos.logback.classic.pattern.color.HighlightingCompositeConverter-[]
[2021-04-28 00:08:57.314] [main] [DEBUG] [cn.korostudio.jsme.core.loader.Starter] - 正在扫描:ch.qos.logback.classic.pattern.LocalSequenceNumberConverter-[]
[2021-04-28 00:08:57.314] [main] [DEBUG] [cn.korostudio.jsme.core.loader.Starter] - 正在扫描:ch.qos.logback.classic.pattern.EnsureExceptionHandling-[]
[2021-04-28 00:08:57.314] [main] [DEBUG] [cn.korostudio.jsme.core.loader.Starter] - 正在扫描:ch.qos.logback.core.pattern.parser.TokenStream-[]
[2021-04-28 00:08:57.314] [main] [DEBUG] [cn.korostudio.jsme.core.loader.Starter] - 正在扫描:ch.qos.logback.core.pattern.util.RestrictedEscapeUtil-[]
[2021-04-28 00:08:57.314] [main] [DEBUG] [cn.korostudio.jsme.core.loader.Starter] - 正在扫描:ch.qos.logback.core.pattern.parser.TokenStream$TokenizerState-[]
[2021-04-28 00:08:57.314] [main] [DEBUG] [cn.korostudio.jsme.core.loader.Starter] - 正在扫描:ch.qos.logback.core.pattern.parser.TokenStream$1-[]
[2021-04-28 00:08:57.314] [main] [DEBUG] [cn.korostudio.jsme.core.loader.Starter] - 正在扫描:ch.qos.logback.core.pattern.parser.OptionTokenizer-[]
[2021-04-28 00:08:57.314] [main] [DEBUG] [cn.korostudio.jsme.core.loader.Starter] - 正在扫描:ch.qos.logback.core.pattern.util.AsIsEscapeUtil-[]
[2021-04-28 00:08:57.314] [main] [DEBUG] [cn.korostudio.jsme.core.loader.Starter] - 正在扫描:ch.qos.logback.core.pattern.FormatInfo-[]
[2021-04-28 00:08:57.314] [main] [DEBUG] [cn.korostudio.jsme.core.loader.Starter] - 正在扫描:ch.qos.logback.core.pattern.parser.Compiler-[]
[2021-04-28 00:08:57.314] [main] [DEBUG] [cn.korostudio.jsme.core.loader.Starter] - 正在扫描:ch.qos.logback.core.pattern.LiteralConverter-[]
[2021-04-28 00:08:57.314] [main] [DEBUG] [cn.korostudio.jsme.core.loader.Starter] - 正在扫描:ch.qos.logback.classic.pattern.Abbreviator-[]
[2021-04-28 00:08:57.314] [main] [DEBUG] [cn.korostudio.jsme.core.loader.Starter] - 正在扫描:ch.qos.logback.core.pattern.ConverterUtil-[]
[2021-04-28 00:08:57.314] [main] [DEBUG] [cn.korostudio.jsme.core.loader.Starter] - 正在扫描:ch.qos.logback.core.boolex.EvaluationException-[]
[2021-04-28 00:08:57.315] [main] [DEBUG] [cn.korostudio.jsme.core.loader.Starter] - 正在扫描:ch.qos.logback.core.util.CachingDateFormatter-[]
[2021-04-28 00:08:57.315] [main] [DEBUG] [cn.korostudio.jsme.core.loader.Starter] - 正在扫描:ch.qos.logback.core.util.EnvUtil-[]
[2021-04-28 00:08:57.315] [main] [DEBUG] [cn.korostudio.jsme.core.loader.Starter] - 正在扫描:ch.qos.logback.core.FileAppender-[]
[2021-04-28 00:08:57.315] [main] [DEBUG] [cn.korostudio.jsme.core.loader.Starter] - 正在扫描:ch.qos.logback.core.rolling.RollingFileAppender-[]
[2021-04-28 00:08:57.315] [main] [DEBUG] [cn.korostudio.jsme.core.loader.Starter] - 正在扫描:ch.qos.logback.core.recovery.ResilientOutputStreamBase-[]
[2021-04-28 00:08:57.315] [main] [DEBUG] [cn.korostudio.jsme.core.loader.Starter] - 正在扫描:ch.qos.logback.core.recovery.ResilientFileOutputStream-[]
[2021-04-28 00:08:57.315] [main] [DEBUG] [cn.korostudio.jsme.core.loader.Starter] - 正在扫描:ch.qos.logback.core.rolling.RolloverFailure-[]
[2021-04-28 00:08:57.315] [main] [DEBUG] [cn.korostudio.jsme.core.loader.Starter] - 正在扫描:ch.qos.logback.core.util.FileSize-[]
[2021-04-28 00:08:57.315] [main] [DEBUG] [cn.korostudio.jsme.core.loader.Starter] - 正在扫描:ch.qos.logback.core.rolling.RollingPolicy-[]
[2021-04-28 00:08:57.315] [main] [DEBUG] [cn.korostudio.jsme.core.loader.Starter] - 正在扫描:ch.qos.logback.core.rolling.TriggeringPolicy-[]
[2021-04-28 00:08:57.315] [main] [DEBUG] [cn.korostudio.jsme.core.loader.Starter] - 正在扫描:ch.qos.logback.core.joran.util.PropertySetter$1-[]
[2021-04-28 00:08:57.315] [main] [DEBUG] [cn.korostudio.jsme.core.loader.Starter] - 正在扫描:ch.qos.logback.classic.filter.LevelFilter-[]
[2021-04-28 00:08:57.315] [main] [DEBUG] [cn.korostudio.jsme.core.loader.Starter] - 正在扫描:ch.qos.logback.core.rolling.helper.CompressionMode-[]
[2021-04-28 00:08:57.315] [main] [DEBUG] [cn.korostudio.jsme.core.loader.Starter] - 正在扫描:ch.qos.logback.core.rolling.RollingPolicyBase-[]
[2021-04-28 00:08:57.315] [main] [DEBUG] [cn.korostudio.jsme.core.loader.Starter] - 正在扫描:ch.qos.logback.core.rolling.TimeBasedRollingPolicy-[]
[2021-04-28 00:08:57.315] [main] [DEBUG] [cn.korostudio.jsme.core.loader.Starter] - 正在扫描:ch.qos.logback.core.rolling.TimeBasedFileNamingAndTriggeringPolicy-[]
[2021-04-28 00:08:57.315] [main] [DEBUG] [cn.korostudio.jsme.core.loader.Starter] - 正在扫描:ch.qos.logback.core.rolling.helper.RenameUtil-[]
[2021-04-28 00:08:57.315] [main] [DEBUG] [cn.korostudio.jsme.core.loader.Starter] - 正在扫描:ch.qos.logback.core.rolling.helper.FileNamePattern-[]
[2021-04-28 00:08:57.315] [main] [DEBUG] [cn.korostudio.jsme.core.loader.Starter] - 正在扫描:ch.qos.logback.core.rolling.helper.MonoTypedConverter-[]
[2021-04-28 00:08:57.315] [main] [DEBUG] [cn.korostudio.jsme.core.loader.Starter] - 正在扫描:ch.qos.logback.core.rolling.helper.IntegerTokenConverter-[]
[2021-04-28 00:08:57.315] [main] [DEBUG] [cn.korostudio.jsme.core.loader.Starter] - 正在扫描:ch.qos.logback.core.rolling.helper.DateTokenConverter-[]
[2021-04-28 00:08:57.315] [main] [DEBUG] [cn.korostudio.jsme.core.loader.Starter] - 正在扫描:ch.qos.logback.core.rolling.helper.FileFilterUtil-[]
[2021-04-28 00:08:57.315] [main] [DEBUG] [cn.korostudio.jsme.core.loader.Starter] - 正在扫描:ch.qos.logback.core.pattern.util.AlmostAsIsEscapeUtil-[]
[2021-04-28 00:08:57.315] [main] [DEBUG] [cn.korostudio.jsme.core.loader.Starter] - 正在扫描:ch.qos.logback.core.rolling.helper.Compressor-[]
[2021-04-28 00:08:57.315] [main] [DEBUG] [cn.korostudio.jsme.core.loader.Starter] - 正在扫描:ch.qos.logback.core.rolling.helper.Compressor$1-[]
[2021-04-28 00:08:57.315] [main] [DEBUG] [cn.korostudio.jsme.core.loader.Starter] - 正在扫描:ch.qos.logback.core.rolling.TimeBasedFileNamingAndTriggeringPolicyBase-[]
[2021-04-28 00:08:57.317] [main] [DEBUG] [cn.korostudio.jsme.core.loader.Starter] - 正在扫描:ch.qos.logback.core.rolling.DefaultTimeBasedFileNamingAndTriggeringPolicy-[@ch.qos.logback.core.joran.spi.NoAutoStart()]
[2021-04-28 00:08:57.317] [main] [DEBUG] [cn.korostudio.jsme.core.loader.Starter] - 正在扫描:ch.qos.logback.core.rolling.helper.ArchiveRemover-[]
[2021-04-28 00:08:57.317] [main] [DEBUG] [cn.korostudio.jsme.core.loader.Starter] - 正在扫描:ch.qos.logback.core.rolling.helper.RollingCalendar-[]
[2021-04-28 00:08:57.317] [main] [DEBUG] [cn.korostudio.jsme.core.loader.Starter] - 正在扫描:ch.qos.logback.core.rolling.helper.PeriodicityType-[]
[2021-04-28 00:08:57.317] [main] [DEBUG] [cn.korostudio.jsme.core.loader.Starter] - 正在扫描:ch.qos.logback.core.rolling.helper.RollingCalendar$1-[]
[2021-04-28 00:08:57.317] [main] [DEBUG] [cn.korostudio.jsme.core.loader.Starter] - 正在扫描:ch.qos.logback.core.rolling.helper.TimeBasedArchiveRemover-[]
[2021-04-28 00:08:57.317] [main] [DEBUG] [cn.korostudio.jsme.core.loader.Starter] - 正在扫描:ch.qos.logback.core.util.FileUtil-[]
[2021-04-28 00:08:57.317] [main] [DEBUG] [cn.korostudio.jsme.core.loader.Starter] - 正在扫描:ch.qos.logback.core.spi.AppenderAttachableImpl-[]
[2021-04-28 00:08:57.317] [main] [DEBUG] [cn.korostudio.jsme.core.loader.Starter] - 正在扫描:ch.qos.logback.core.util.StatusPrinter-[]
[2021-04-28 00:08:57.317] [main] [DEBUG] [cn.korostudio.jsme.core.loader.Starter] - 正在扫描:ch.qos.logback.classic.selector.DefaultContextSelector-[]
[2021-04-28 00:08:57.317] [main] [DEBUG] [cn.korostudio.jsme.core.loader.Starter] - 正在扫描:ch.qos.logback.classic.util.LoggerNameUtil-[]
[2021-04-28 00:08:57.317] [main] [DEBUG] [cn.korostudio.jsme.core.loader.Starter] - 正在扫描:ch.qos.logback.classic.spi.LoggingEvent-[]
[2021-04-28 00:08:57.317] [main] [DEBUG] [cn.korostudio.jsme.core.loader.Starter] - 正在扫描:ch.qos.logback.classic.spi.IThrowableProxy-[]
[2021-04-28 00:08:57.317] [main] [DEBUG] [cn.korostudio.jsme.core.loader.Starter] - 正在扫描:ch.qos.logback.classic.spi.EventArgUtil-[]
[2021-04-28 00:08:57.317] [main] [DEBUG] [cn.korostudio.jsme.core.loader.Starter] - 正在扫描:org.slf4j.MDC-[]
[2021-04-28 00:08:57.317] [main] [DEBUG] [cn.korostudio.jsme.core.loader.Starter] - 正在扫描:org.slf4j.spi.MDCAdapter-[]
[2021-04-28 00:08:57.317] [main] [DEBUG] [cn.korostudio.jsme.core.loader.Starter] - 正在扫描:org.slf4j.impl.StaticMDCBinder-[]
[2021-04-28 00:08:57.317] [main] [DEBUG] [cn.korostudio.jsme.core.loader.Starter] - 正在扫描:ch.qos.logback.classic.util.LogbackMDCAdapter-[]
[2021-04-28 00:08:57.318] [main] [DEBUG] [cn.korostudio.jsme.core.loader.Starter] - 正在扫描:ch.qos.logback.core.pattern.SpacePadder-[]
[2021-04-28 00:08:57.318] [main] [DEBUG] [cn.korostudio.jsme.core.loader.Starter] - 正在扫描:cn.korostudio.jsme.core.Application$1-[]
[2021-04-28 00:08:57.318] [main] [DEBUG] [cn.korostudio.jsme.core.loader.Starter] - 正在扫描:cn.korostudio.jsme.core.Application-[]
[2021-04-28 00:08:57.318] [main] [DEBUG] [cn.korostudio.jsme.core.loader.Starter] - 正在扫描:cn.korostudio.jsme.core.ApplicationCore$1-[]
[2021-04-28 00:08:57.318] [main] [DEBUG] [cn.korostudio.jsme.core.loader.Starter] - 正在扫描:cn.korostudio.jsme.core.ApplicationCore-[]
[2021-04-28 00:08:57.319] [main] [DEBUG] [cn.korostudio.jsme.core.loader.Starter] - 正在扫描:cn.korostudio.jsme.core.BasePanel-[]
[2021-04-28 00:08:57.319] [main] [DEBUG] [cn.korostudio.jsme.core.loader.Starter] - 正在扫描:cn.korostudio.jsme.core.err.Error-[]
[2021-04-28 00:08:57.319] [main] [DEBUG] [cn.korostudio.jsme.core.loader.Starter] - 正在扫描:cn.korostudio.jsme.core.loader.JSMEApplication-[@java.lang.annotation.Target(value={TYPE}), @java.lang.annotation.Retention(value=RUNTIME)]
[2021-04-28 00:08:57.319] [main] [DEBUG] [cn.korostudio.jsme.core.loader.Starter] - 正在扫描:cn.korostudio.jsme.core.loader.Starter-[]
[2021-04-28 00:08:57.319] [main] [DEBUG] [cn.korostudio.jsme.core.loader.Starter] - 正在扫描:cn.korostudio.jsme.data.Configuration-[]
[2021-04-28 00:08:57.319] [main] [DEBUG] [cn.korostudio.jsme.core.loader.Starter] - 正在扫描:cn.korostudio.jsme.lang.Lang-[]
[2021-04-28 00:08:57.319] [main] [DEBUG] [cn.korostudio.jsme.core.loader.Starter] - 正在扫描:cn.korostudio.jsme.lang.LangJSON-[]
[2021-04-28 00:08:57.319] [main] [DEBUG] [cn.korostudio.jsme.core.loader.Starter] - 正在扫描:cn.korostudio.jsme.layout.FormAttachment-[]
[2021-04-28 00:08:57.319] [main] [DEBUG] [cn.korostudio.jsme.core.loader.Starter] - 正在扫描:cn.korostudio.jsme.layout.FormData-[]
[2021-04-28 00:08:57.319] [main] [DEBUG] [cn.korostudio.jsme.core.loader.Starter] - 正在扫描:cn.korostudio.jsme.layout.FormDatas$ReFormAttachment-[]
[2021-04-28 00:08:57.319] [main] [DEBUG] [cn.korostudio.jsme.core.loader.Starter] - 正在扫描:cn.korostudio.jsme.layout.FormDatas-[]
[2021-04-28 00:08:57.319] [main] [DEBUG] [cn.korostudio.jsme.core.loader.Starter] - 正在扫描:cn.korostudio.jsme.layout.FormLayout-[]
[2021-04-28 00:08:57.319] [main] [DEBUG] [cn.korostudio.jsme.core.loader.Starter] - 正在扫描:cn.korostudio.jsme.listener.CallBack-[]
[2021-04-28 00:08:57.319] [main] [DEBUG] [cn.korostudio.jsme.core.loader.Starter] - 正在扫描:cn.korostudio.jsme.listener.MusicPlayerListener-[]
[2021-04-28 00:08:57.319] [main] [DEBUG] [cn.korostudio.jsme.core.loader.Starter] - 正在扫描:cn.korostudio.jsme.tools.classscanner.ClassScanner$1-[]
[2021-04-28 00:08:57.319] [main] [DEBUG] [cn.korostudio.jsme.core.loader.Starter] - 正在扫描:cn.korostudio.jsme.tools.classscanner.ClassScanner-[]
[2021-04-28 00:08:57.319] [main] [DEBUG] [cn.korostudio.jsme.core.loader.Starter] - 正在扫描:cn.korostudio.jsme.tools.classscanner.StringUtil-[]
[2021-04-28 00:08:57.319] [main] [DEBUG] [cn.korostudio.jsme.core.loader.Starter] - 正在扫描:cn.korostudio.jsme.tools.image.ImageBase-[]
[2021-04-28 00:08:57.319] [main] [DEBUG] [cn.korostudio.jsme.core.loader.Starter] - 正在扫描:cn.korostudio.jsme.tools.image.ImageLoader-[]
[2021-04-28 00:08:57.320] [main] [DEBUG] [cn.korostudio.jsme.core.loader.Starter] - 正在扫描:cn.korostudio.jsme.tools.image.JSONImageFile-[]
[2021-04-28 00:08:57.320] [main] [DEBUG] [cn.korostudio.jsme.core.loader.Starter] - 正在扫描:cn.korostudio.jsme.tools.music.MusicPlayer$1-[]
[2021-04-28 00:08:57.320] [main] [DEBUG] [cn.korostudio.jsme.core.loader.Starter] - 正在扫描:cn.korostudio.jsme.tools.music.MusicPlayer$2-[]
[2021-04-28 00:08:57.320] [main] [DEBUG] [cn.korostudio.jsme.core.loader.Starter] - 正在扫描:cn.korostudio.jsme.tools.music.MusicPlayer$3-[]
[2021-04-28 00:08:57.320] [main] [DEBUG] [cn.korostudio.jsme.core.loader.Starter] - 正在扫描:cn.korostudio.jsme.tools.music.MusicPlayer-[]
[2021-04-28 00:08:57.320] [main] [DEBUG] [cn.korostudio.jsme.core.loader.Starter] - 正在扫描:cn.korostudio.jsme.tools.Tool-[]
[2021-04-28 00:08:57.320] [main] [DEBUG] [cn.korostudio.jsme.core.loader.Starter] - 正在扫描:cn.korostudio.jsme.tools.tween.TweenImplements-[]
[2021-04-28 00:08:57.320] [main] [DEBUG] [cn.korostudio.jsme.core.loader.Starter] - 正在扫描:cn.korostudio.jsme.tools.tween.TweenListener-[]
[2021-04-28 00:08:57.320] [main] [DEBUG] [cn.korostudio.jsme.core.loader.Starter] - 正在扫描:cn.korostudio.jsme.tools.tween.TweenSystem$RunThread$1-[]
[2021-04-28 00:08:57.320] [main] [DEBUG] [cn.korostudio.jsme.core.loader.Starter] - 正在扫描:cn.korostudio.jsme.tools.tween.TweenSystem$RunThread-[]
[2021-04-28 00:08:57.320] [main] [DEBUG] [cn.korostudio.jsme.core.loader.Starter] - 正在扫描:cn.korostudio.jsme.tools.tween.TweenSystem-[]
[2021-04-28 00:08:57.320] [main] [DEBUG] [cn.korostudio.jsme.core.loader.Starter] - 正在扫描:cn.korostudio.jsme.tools.tween.TweenThread-[]
[2021-04-28 00:08:57.320] [main] [DEBUG] [cn.korostudio.jsme.core.loader.Starter] - 正在扫描:cn.korostudio.jsme.tools.video.VideoPlayer-[]
[2021-04-28 00:08:57.320] [main] [DEBUG] [cn.korostudio.jsme.core.loader.Starter] - 正在扫描:cn.korostudio.jsme.window.Loop$LoopThread-[]
[2021-04-28 00:08:57.320] [main] [DEBUG] [cn.korostudio.jsme.core.loader.Starter] - 正在扫描:cn.korostudio.jsme.window.Loop-[]
[2021-04-28 00:08:57.320] [main] [DEBUG] [cn.korostudio.jsme.core.loader.Starter] - 正在扫描:cn.korostudio.jsme.window.panel.AlphaPanel-[]
[2021-04-28 00:08:57.320] [main] [DEBUG] [cn.korostudio.jsme.core.loader.Starter] - 正在扫描:cn.korostudio.jsme.window.WindowController$1-[]
[2021-04-28 00:08:57.320] [main] [DEBUG] [cn.korostudio.jsme.core.loader.Starter] - 正在扫描:cn.korostudio.jsme.window.WindowController-[]
[2021-04-28 00:08:57.322] [main] [DEBUG] [cn.korostudio.jsme.core.loader.Starter] - 扫描结束,已获得0个启动类。
