2021-04-22 01:58:29.356 DEBUG uk.co.caprica.vlcj.discovery.NativeDiscovery - discover()
2021-04-22 01:58:29.357 DEBUG uk.co.caprica.vlcj.discovery.NativeDiscovery - jnaLibraryPath=null
2021-04-22 01:58:29.357 DEBUG uk.co.caprica.vlcj.discovery.NativeDiscovery - discoveryStrategy=uk.co.caprica.vlcj.discovery.linux.DefaultLinuxNativeDiscoveryStrategy@5b47d507
2021-04-22 01:58:29.357 DEBUG uk.co.caprica.vlcj.discovery.NativeDiscovery - supported=false
2021-04-22 01:58:29.357 DEBUG uk.co.caprica.vlcj.discovery.NativeDiscovery - discoveryStrategy=uk.co.caprica.vlcj.discovery.windows.DefaultWindowsNativeDiscoveryStrategy@de32760
2021-04-22 01:58:29.357 DEBUG uk.co.caprica.vlcj.discovery.NativeDiscovery - supported=true
2021-04-22 01:58:29.357 DEBUG uk.co.caprica.vlcj.discovery.AbstractNativeDiscoveryStrategy - discover()
2021-04-22 01:58:29.359 DEBUG uk.co.caprica.vlcj.runtime.windows.WindowsRuntimeUtil - getVlcInstallDir()
2021-04-22 01:58:29.946 DEBUG uk.co.caprica.vlcj.discovery.AbstractNativeDiscoveryStrategy - directoryNames=[C:\Program Files\VideoLAN\VLC, D:\jar\Java Swing Tween Engine, C:\Program Files (x86)\Common Files\Intel\Shared Libraries\redist\intel64_win\compiler, C:\ProgramData\Oracle\Java\javapath, C:\Program Files\Common Files\Oracle\Java\javapath, C:\Program Files (x86)\Razer Chroma SDK\bin, C:\Program Files\Razer Chroma SDK\bin, C:\Program Files (x86)\Common Files\Oracle\Java\javapath, C:\Program Files (x86)\Razer\ChromaBroadcast\bin, C:\Program Files\Razer\ChromaBroadcast\bin, C:\Windows\system32, C:\Windows, C:\Windows\System32\Wbem, C:\Windows\System32\WindowsPowerShell\v1.0\, C:\Windows\System32\OpenSSH\, C:\Windows\system32\config\systemprofile\AppData\Local\Microsoft\WindowsApps, C:\Program Files\PuTTY\, C:\Program Files\Git\cmd, E:\Program Files (x86)\Microsoft Visual Studio\Shared\Python37_64\Scripts, C:\Program Files\dotnet\, "C:\Program Files\Java\jre1.8.0_261%\bin, C:\Program Files\Java\jre1.8.0_261\jre\bin, ", C:\Program Files (x86)\dotnet\, C:\WINDOWS\system32, C:\WINDOWS, C:\WINDOWS\System32\Wbem, C:\WINDOWS\System32\WindowsPowerShell\v1.0\, C:\WINDOWS\System32\OpenSSH\, C:\Users\koro\AppData\Local\Microsoft\WindowsApps, C:\Program Files\Bandizip\, C:\Users\koro\.dotnet\tools]
2021-04-22 01:58:29.947 DEBUG uk.co.caprica.vlcj.discovery.AbstractNativeDiscoveryStrategy - directoryName=C:\Program Files\VideoLAN\VLC
2021-04-22 01:58:29.947 DEBUG uk.co.caprica.vlcj.discovery.AbstractNativeDiscoveryStrategy - Matched 'libvlc.dll' in 'C:\Program Files\VideoLAN\VLC'
2021-04-22 01:58:29.947 DEBUG uk.co.caprica.vlcj.discovery.AbstractNativeDiscoveryStrategy - Matched 'libvlccore.dll' in 'C:\Program Files\VideoLAN\VLC'
2021-04-22 01:58:29.947 DEBUG uk.co.caprica.vlcj.discovery.AbstractNativeDiscoveryStrategy - Matched all required files
2021-04-22 01:58:29.947 DEBUG uk.co.caprica.vlcj.discovery.AbstractNativeDiscoveryStrategy - result=C:\Program Files\VideoLAN\VLC
2021-04-22 01:58:29.948 DEBUG uk.co.caprica.vlcj.discovery.NativeDiscovery - path=C:\Program Files\VideoLAN\VLC
[2021-04-22 02:02:45.615] [Thread-1] [DEBUG] [uk.co.caprica.vlcj.discovery.NativeDiscovery] - discover()
[2021-04-22 02:02:45.615] [Thread-1] [DEBUG] [uk.co.caprica.vlcj.discovery.NativeDiscovery] - jnaLibraryPath=null
[2021-04-22 02:02:45.615] [Thread-1] [DEBUG] [uk.co.caprica.vlcj.discovery.NativeDiscovery] - discoveryStrategy=uk.co.caprica.vlcj.discovery.linux.DefaultLinuxNativeDiscoveryStrategy@1b7bad3a
[2021-04-22 02:02:45.615] [Thread-1] [DEBUG] [uk.co.caprica.vlcj.discovery.NativeDiscovery] - supported=false
[2021-04-22 02:02:45.615] [Thread-1] [DEBUG] [uk.co.caprica.vlcj.discovery.NativeDiscovery] - discoveryStrategy=uk.co.caprica.vlcj.discovery.windows.DefaultWindowsNativeDiscoveryStrategy@89c5e53
[2021-04-22 02:02:45.615] [Thread-1] [DEBUG] [uk.co.caprica.vlcj.discovery.NativeDiscovery] - supported=true
[2021-04-22 02:02:45.615] [Thread-1] [DEBUG] [uk.co.caprica.vlcj.discovery.AbstractNativeDiscoveryStrategy] - discover()
[2021-04-22 02:02:45.617] [Thread-1] [DEBUG] [uk.co.caprica.vlcj.runtime.windows.WindowsRuntimeUtil] - getVlcInstallDir()
[2021-04-22 02:02:46.213] [Thread-1] [DEBUG] [uk.co.caprica.vlcj.discovery.AbstractNativeDiscoveryStrategy] - directoryNames=[C:\Program Files\VideoLAN\VLC, D:\jar\Java Swing Tween Engine, C:\Program Files (x86)\Common Files\Intel\Shared Libraries\redist\intel64_win\compiler, C:\ProgramData\Oracle\Java\javapath, C:\Program Files\Common Files\Oracle\Java\javapath, C:\Program Files (x86)\Razer Chroma SDK\bin, C:\Program Files\Razer Chroma SDK\bin, C:\Program Files (x86)\Common Files\Oracle\Java\javapath, C:\Program Files (x86)\Razer\ChromaBroadcast\bin, C:\Program Files\Razer\ChromaBroadcast\bin, C:\Windows\system32, C:\Windows, C:\Windows\System32\Wbem, C:\Windows\System32\WindowsPowerShell\v1.0\, C:\Windows\System32\OpenSSH\, C:\Windows\system32\config\systemprofile\AppData\Local\Microsoft\WindowsApps, C:\Program Files\PuTTY\, C:\Program Files\Git\cmd, E:\Program Files (x86)\Microsoft Visual Studio\Shared\Python37_64\Scripts, C:\Program Files\dotnet\, "C:\Program Files\Java\jre1.8.0_261%\bin, C:\Program Files\Java\jre1.8.0_261\jre\bin, ", C:\Program Files (x86)\dotnet\, C:\WINDOWS\system32, C:\WINDOWS, C:\WINDOWS\System32\Wbem, C:\WINDOWS\System32\WindowsPowerShell\v1.0\, C:\WINDOWS\System32\OpenSSH\, C:\Users\koro\AppData\Local\Microsoft\WindowsApps, C:\Program Files\Bandizip\, C:\Users\koro\.dotnet\tools]
[2021-04-22 02:02:46.213] [Thread-1] [DEBUG] [uk.co.caprica.vlcj.discovery.AbstractNativeDiscoveryStrategy] - directoryName=C:\Program Files\VideoLAN\VLC
[2021-04-22 02:02:46.214] [Thread-1] [DEBUG] [uk.co.caprica.vlcj.discovery.AbstractNativeDiscoveryStrategy] - Matched 'libvlc.dll' in 'C:\Program Files\VideoLAN\VLC'
[2021-04-22 02:02:46.214] [Thread-1] [DEBUG] [uk.co.caprica.vlcj.discovery.AbstractNativeDiscoveryStrategy] - Matched 'libvlccore.dll' in 'C:\Program Files\VideoLAN\VLC'
[2021-04-22 02:02:46.214] [Thread-1] [DEBUG] [uk.co.caprica.vlcj.discovery.AbstractNativeDiscoveryStrategy] - Matched all required files
[2021-04-22 02:02:46.214] [Thread-1] [DEBUG] [uk.co.caprica.vlcj.discovery.AbstractNativeDiscoveryStrategy] - result=C:\Program Files\VideoLAN\VLC
[2021-04-22 02:02:46.214] [Thread-1] [DEBUG] [uk.co.caprica.vlcj.discovery.NativeDiscovery] - path=C:\Program Files\VideoLAN\VLC
[2021-04-22 02:08:37.764] [Thread-1] [DEBUG] [uk.co.caprica.vlcj.discovery.NativeDiscovery] - discover()
[2021-04-22 02:08:37.765] [Thread-1] [DEBUG] [uk.co.caprica.vlcj.discovery.NativeDiscovery] - jnaLibraryPath=null
[2021-04-22 02:08:37.765] [Thread-1] [DEBUG] [uk.co.caprica.vlcj.discovery.NativeDiscovery] - discoveryStrategy=uk.co.caprica.vlcj.discovery.linux.DefaultLinuxNativeDiscoveryStrategy@3c54aaa8
[2021-04-22 02:08:37.765] [Thread-1] [DEBUG] [uk.co.caprica.vlcj.discovery.NativeDiscovery] - supported=false
[2021-04-22 02:08:37.765] [Thread-1] [DEBUG] [uk.co.caprica.vlcj.discovery.NativeDiscovery] - discoveryStrategy=uk.co.caprica.vlcj.discovery.windows.DefaultWindowsNativeDiscoveryStrategy@2530e58a
[2021-04-22 02:08:37.765] [Thread-1] [DEBUG] [uk.co.caprica.vlcj.discovery.NativeDiscovery] - supported=true
[2021-04-22 02:08:37.765] [Thread-1] [DEBUG] [uk.co.caprica.vlcj.discovery.AbstractNativeDiscoveryStrategy] - discover()
[2021-04-22 02:08:37.767] [Thread-1] [DEBUG] [uk.co.caprica.vlcj.runtime.windows.WindowsRuntimeUtil] - getVlcInstallDir()
[2021-04-22 02:08:38.389] [Thread-1] [DEBUG] [uk.co.caprica.vlcj.discovery.AbstractNativeDiscoveryStrategy] - directoryNames=[C:\Program Files\VideoLAN\VLC, D:\jar\Java Swing Tween Engine, C:\Program Files (x86)\Common Files\Intel\Shared Libraries\redist\intel64_win\compiler, C:\ProgramData\Oracle\Java\javapath, C:\Program Files\Common Files\Oracle\Java\javapath, C:\Program Files (x86)\Razer Chroma SDK\bin, C:\Program Files\Razer Chroma SDK\bin, C:\Program Files (x86)\Common Files\Oracle\Java\javapath, C:\Program Files (x86)\Razer\ChromaBroadcast\bin, C:\Program Files\Razer\ChromaBroadcast\bin, C:\Windows\system32, C:\Windows, C:\Windows\System32\Wbem, C:\Windows\System32\WindowsPowerShell\v1.0\, C:\Windows\System32\OpenSSH\, C:\Windows\system32\config\systemprofile\AppData\Local\Microsoft\WindowsApps, C:\Program Files\PuTTY\, C:\Program Files\Git\cmd, E:\Program Files (x86)\Microsoft Visual Studio\Shared\Python37_64\Scripts, C:\Program Files\dotnet\, "C:\Program Files\Java\jre1.8.0_261%\bin, C:\Program Files\Java\jre1.8.0_261\jre\bin, ", C:\Program Files (x86)\dotnet\, C:\WINDOWS\system32, C:\WINDOWS, C:\WINDOWS\System32\Wbem, C:\WINDOWS\System32\WindowsPowerShell\v1.0\, C:\WINDOWS\System32\OpenSSH\, C:\Users\koro\AppData\Local\Microsoft\WindowsApps, C:\Program Files\Bandizip\, C:\Users\koro\.dotnet\tools]
[2021-04-22 02:08:38.389] [Thread-1] [DEBUG] [uk.co.caprica.vlcj.discovery.AbstractNativeDiscoveryStrategy] - directoryName=C:\Program Files\VideoLAN\VLC
[2021-04-22 02:08:38.390] [Thread-1] [DEBUG] [uk.co.caprica.vlcj.discovery.AbstractNativeDiscoveryStrategy] - Matched 'libvlc.dll' in 'C:\Program Files\VideoLAN\VLC'
[2021-04-22 02:08:38.390] [Thread-1] [DEBUG] [uk.co.caprica.vlcj.discovery.AbstractNativeDiscoveryStrategy] - Matched 'libvlccore.dll' in 'C:\Program Files\VideoLAN\VLC'
[2021-04-22 02:08:38.390] [Thread-1] [DEBUG] [uk.co.caprica.vlcj.discovery.AbstractNativeDiscoveryStrategy] - Matched all required files
[2021-04-22 02:08:38.390] [Thread-1] [DEBUG] [uk.co.caprica.vlcj.discovery.AbstractNativeDiscoveryStrategy] - result=C:\Program Files\VideoLAN\VLC
[2021-04-22 02:08:38.390] [Thread-1] [DEBUG] [uk.co.caprica.vlcj.discovery.NativeDiscovery] - path=C:\Program Files\VideoLAN\VLC
[2021-04-22 02:10:25.401] [application] [DEBUG] [uk.co.caprica.vlcj.discovery.NativeDiscovery] - discover()
[2021-04-22 02:10:25.402] [application] [DEBUG] [uk.co.caprica.vlcj.discovery.NativeDiscovery] - jnaLibraryPath=null
[2021-04-22 02:10:25.402] [application] [DEBUG] [uk.co.caprica.vlcj.discovery.NativeDiscovery] - discoveryStrategy=uk.co.caprica.vlcj.discovery.linux.DefaultLinuxNativeDiscoveryStrategy@1b7bad3a
[2021-04-22 02:10:25.402] [application] [DEBUG] [uk.co.caprica.vlcj.discovery.NativeDiscovery] - supported=false
[2021-04-22 02:10:25.402] [application] [DEBUG] [uk.co.caprica.vlcj.discovery.NativeDiscovery] - discoveryStrategy=uk.co.caprica.vlcj.discovery.windows.DefaultWindowsNativeDiscoveryStrategy@89c5e53
[2021-04-22 02:10:25.402] [application] [DEBUG] [uk.co.caprica.vlcj.discovery.NativeDiscovery] - supported=true
[2021-04-22 02:10:25.402] [application] [DEBUG] [uk.co.caprica.vlcj.discovery.AbstractNativeDiscoveryStrategy] - discover()
[2021-04-22 02:10:25.404] [application] [DEBUG] [uk.co.caprica.vlcj.runtime.windows.WindowsRuntimeUtil] - getVlcInstallDir()
[2021-04-22 02:10:26.009] [application] [DEBUG] [uk.co.caprica.vlcj.discovery.AbstractNativeDiscoveryStrategy] - directoryNames=[C:\Program Files\VideoLAN\VLC, D:\jar\Java Swing Tween Engine, C:\Program Files (x86)\Common Files\Intel\Shared Libraries\redist\intel64_win\compiler, C:\ProgramData\Oracle\Java\javapath, C:\Program Files\Common Files\Oracle\Java\javapath, C:\Program Files (x86)\Razer Chroma SDK\bin, C:\Program Files\Razer Chroma SDK\bin, C:\Program Files (x86)\Common Files\Oracle\Java\javapath, C:\Program Files (x86)\Razer\ChromaBroadcast\bin, C:\Program Files\Razer\ChromaBroadcast\bin, C:\Windows\system32, C:\Windows, C:\Windows\System32\Wbem, C:\Windows\System32\WindowsPowerShell\v1.0\, C:\Windows\System32\OpenSSH\, C:\Windows\system32\config\systemprofile\AppData\Local\Microsoft\WindowsApps, C:\Program Files\PuTTY\, C:\Program Files\Git\cmd, E:\Program Files (x86)\Microsoft Visual Studio\Shared\Python37_64\Scripts, C:\Program Files\dotnet\, "C:\Program Files\Java\jre1.8.0_261%\bin, C:\Program Files\Java\jre1.8.0_261\jre\bin, ", C:\Program Files (x86)\dotnet\, C:\WINDOWS\system32, C:\WINDOWS, C:\WINDOWS\System32\Wbem, C:\WINDOWS\System32\WindowsPowerShell\v1.0\, C:\WINDOWS\System32\OpenSSH\, C:\Users\koro\AppData\Local\Microsoft\WindowsApps, C:\Program Files\Bandizip\, C:\Users\koro\.dotnet\tools]
[2021-04-22 02:10:26.009] [application] [DEBUG] [uk.co.caprica.vlcj.discovery.AbstractNativeDiscoveryStrategy] - directoryName=C:\Program Files\VideoLAN\VLC
[2021-04-22 02:10:26.010] [application] [DEBUG] [uk.co.caprica.vlcj.discovery.AbstractNativeDiscoveryStrategy] - Matched 'libvlc.dll' in 'C:\Program Files\VideoLAN\VLC'
[2021-04-22 02:10:26.010] [application] [DEBUG] [uk.co.caprica.vlcj.discovery.AbstractNativeDiscoveryStrategy] - Matched 'libvlccore.dll' in 'C:\Program Files\VideoLAN\VLC'
[2021-04-22 02:10:26.010] [application] [DEBUG] [uk.co.caprica.vlcj.discovery.AbstractNativeDiscoveryStrategy] - Matched all required files
[2021-04-22 02:10:26.010] [application] [DEBUG] [uk.co.caprica.vlcj.discovery.AbstractNativeDiscoveryStrategy] - result=C:\Program Files\VideoLAN\VLC
[2021-04-22 02:10:26.010] [application] [DEBUG] [uk.co.caprica.vlcj.discovery.NativeDiscovery] - path=C:\Program Files\VideoLAN\VLC
[2021-04-22 13:54:22.135] [application] [DEBUG] [uk.co.caprica.vlcj.discovery.NativeDiscovery] - discover()
[2021-04-22 13:54:22.135] [application] [DEBUG] [uk.co.caprica.vlcj.discovery.NativeDiscovery] - jnaLibraryPath=null
[2021-04-22 13:54:22.136] [application] [DEBUG] [uk.co.caprica.vlcj.discovery.NativeDiscovery] - discoveryStrategy=uk.co.caprica.vlcj.discovery.linux.DefaultLinuxNativeDiscoveryStrategy@3c54aaa8
[2021-04-22 13:54:22.136] [application] [DEBUG] [uk.co.caprica.vlcj.discovery.NativeDiscovery] - supported=false
[2021-04-22 13:54:22.136] [application] [DEBUG] [uk.co.caprica.vlcj.discovery.NativeDiscovery] - discoveryStrategy=uk.co.caprica.vlcj.discovery.windows.DefaultWindowsNativeDiscoveryStrategy@2530e58a
[2021-04-22 13:54:22.136] [application] [DEBUG] [uk.co.caprica.vlcj.discovery.NativeDiscovery] - supported=true
[2021-04-22 13:54:22.136] [application] [DEBUG] [uk.co.caprica.vlcj.discovery.AbstractNativeDiscoveryStrategy] - discover()
[2021-04-22 13:54:22.139] [application] [DEBUG] [uk.co.caprica.vlcj.runtime.windows.WindowsRuntimeUtil] - getVlcInstallDir()
[2021-04-22 13:54:22.954] [application] [DEBUG] [uk.co.caprica.vlcj.discovery.AbstractNativeDiscoveryStrategy] - directoryNames=[C:\Program Files\VideoLAN\VLC, D:\jar\Java Swing Tween Engine, C:\Program Files (x86)\Common Files\Intel\Shared Libraries\redist\intel64_win\compiler, C:\ProgramData\Oracle\Java\javapath, C:\Program Files\Common Files\Oracle\Java\javapath, C:\Program Files (x86)\Razer Chroma SDK\bin, C:\Program Files\Razer Chroma SDK\bin, C:\Program Files (x86)\Common Files\Oracle\Java\javapath, C:\Program Files (x86)\Razer\ChromaBroadcast\bin, C:\Program Files\Razer\ChromaBroadcast\bin, C:\Windows\system32, C:\Windows, C:\Windows\System32\Wbem, C:\Windows\System32\WindowsPowerShell\v1.0\, C:\Windows\System32\OpenSSH\, C:\Windows\system32\config\systemprofile\AppData\Local\Microsoft\WindowsApps, C:\Program Files\PuTTY\, C:\Program Files\Git\cmd, E:\Program Files (x86)\Microsoft Visual Studio\Shared\Python37_64\Scripts, C:\Program Files\dotnet\, "C:\Program Files\Java\jre1.8.0_261%\bin, C:\Program Files\Java\jre1.8.0_261\jre\bin, ", C:\Program Files (x86)\dotnet\, C:\WINDOWS\system32, C:\WINDOWS, C:\WINDOWS\System32\Wbem, C:\WINDOWS\System32\WindowsPowerShell\v1.0\, C:\WINDOWS\System32\OpenSSH\, C:\Users\koro\AppData\Local\Microsoft\WindowsApps, C:\Program Files\Bandizip\, C:\Users\koro\.dotnet\tools]
[2021-04-22 13:54:22.955] [application] [DEBUG] [uk.co.caprica.vlcj.discovery.AbstractNativeDiscoveryStrategy] - directoryName=C:\Program Files\VideoLAN\VLC
[2021-04-22 13:54:22.956] [application] [DEBUG] [uk.co.caprica.vlcj.discovery.AbstractNativeDiscoveryStrategy] - Matched 'libvlc.dll' in 'C:\Program Files\VideoLAN\VLC'
[2021-04-22 13:54:22.956] [application] [DEBUG] [uk.co.caprica.vlcj.discovery.AbstractNativeDiscoveryStrategy] - Matched 'libvlccore.dll' in 'C:\Program Files\VideoLAN\VLC'
[2021-04-22 13:54:22.956] [application] [DEBUG] [uk.co.caprica.vlcj.discovery.AbstractNativeDiscoveryStrategy] - Matched all required files
[2021-04-22 13:54:22.956] [application] [DEBUG] [uk.co.caprica.vlcj.discovery.AbstractNativeDiscoveryStrategy] - result=C:\Program Files\VideoLAN\VLC
[2021-04-22 13:54:22.957] [application] [DEBUG] [uk.co.caprica.vlcj.discovery.NativeDiscovery] - path=C:\Program Files\VideoLAN\VLC
[2021-04-22 14:14:25.947] [application] [DEBUG] [uk.co.caprica.vlcj.discovery.NativeDiscovery] - discover()
[2021-04-22 14:14:25.947] [application] [DEBUG] [uk.co.caprica.vlcj.discovery.NativeDiscovery] - jnaLibraryPath=null
[2021-04-22 14:14:25.947] [application] [DEBUG] [uk.co.caprica.vlcj.discovery.NativeDiscovery] - discoveryStrategy=uk.co.caprica.vlcj.discovery.linux.DefaultLinuxNativeDiscoveryStrategy@5b47d507
[2021-04-22 14:14:25.948] [application] [DEBUG] [uk.co.caprica.vlcj.discovery.NativeDiscovery] - supported=false
[2021-04-22 14:14:25.948] [application] [DEBUG] [uk.co.caprica.vlcj.discovery.NativeDiscovery] - discoveryStrategy=uk.co.caprica.vlcj.discovery.windows.DefaultWindowsNativeDiscoveryStrategy@de32760
[2021-04-22 14:14:25.948] [application] [DEBUG] [uk.co.caprica.vlcj.discovery.NativeDiscovery] - supported=true
[2021-04-22 14:14:25.948] [application] [DEBUG] [uk.co.caprica.vlcj.discovery.AbstractNativeDiscoveryStrategy] - discover()
[2021-04-22 14:14:25.951] [application] [DEBUG] [uk.co.caprica.vlcj.runtime.windows.WindowsRuntimeUtil] - getVlcInstallDir()
[2021-04-22 14:14:26.856] [application] [DEBUG] [uk.co.caprica.vlcj.discovery.AbstractNativeDiscoveryStrategy] - directoryNames=[C:\Program Files\VideoLAN\VLC, D:\jar\Java Swing Tween Engine, C:\Program Files (x86)\Common Files\Intel\Shared Libraries\redist\intel64_win\compiler, C:\ProgramData\Oracle\Java\javapath, C:\Program Files\Common Files\Oracle\Java\javapath, C:\Program Files (x86)\Razer Chroma SDK\bin, C:\Program Files\Razer Chroma SDK\bin, C:\Program Files (x86)\Common Files\Oracle\Java\javapath, C:\Program Files (x86)\Razer\ChromaBroadcast\bin, C:\Program Files\Razer\ChromaBroadcast\bin, C:\Windows\system32, C:\Windows, C:\Windows\System32\Wbem, C:\Windows\System32\WindowsPowerShell\v1.0\, C:\Windows\System32\OpenSSH\, C:\Windows\system32\config\systemprofile\AppData\Local\Microsoft\WindowsApps, C:\Program Files\PuTTY\, C:\Program Files\Git\cmd, E:\Program Files (x86)\Microsoft Visual Studio\Shared\Python37_64\Scripts, C:\Program Files\dotnet\, "C:\Program Files\Java\jre1.8.0_261%\bin, C:\Program Files\Java\jre1.8.0_261\jre\bin, ", C:\Program Files (x86)\dotnet\, C:\WINDOWS\system32, C:\WINDOWS, C:\WINDOWS\System32\Wbem, C:\WINDOWS\System32\WindowsPowerShell\v1.0\, C:\WINDOWS\System32\OpenSSH\, C:\Users\koro\AppData\Local\Microsoft\WindowsApps, C:\Program Files\Bandizip\, C:\Users\koro\.dotnet\tools]
[2021-04-22 14:14:26.857] [application] [DEBUG] [uk.co.caprica.vlcj.discovery.AbstractNativeDiscoveryStrategy] - directoryName=C:\Program Files\VideoLAN\VLC
[2021-04-22 14:14:26.858] [application] [DEBUG] [uk.co.caprica.vlcj.discovery.AbstractNativeDiscoveryStrategy] - Matched 'libvlc.dll' in 'C:\Program Files\VideoLAN\VLC'
[2021-04-22 14:14:26.858] [application] [DEBUG] [uk.co.caprica.vlcj.discovery.AbstractNativeDiscoveryStrategy] - Matched 'libvlccore.dll' in 'C:\Program Files\VideoLAN\VLC'
[2021-04-22 14:14:26.858] [application] [DEBUG] [uk.co.caprica.vlcj.discovery.AbstractNativeDiscoveryStrategy] - Matched all required files
[2021-04-22 14:14:26.859] [application] [DEBUG] [uk.co.caprica.vlcj.discovery.AbstractNativeDiscoveryStrategy] - result=C:\Program Files\VideoLAN\VLC
[2021-04-22 14:14:26.859] [application] [DEBUG] [uk.co.caprica.vlcj.discovery.NativeDiscovery] - path=C:\Program Files\VideoLAN\VLC
[2021-04-22 14:15:16.728] [application] [DEBUG] [uk.co.caprica.vlcj.discovery.NativeDiscovery] - discover()
[2021-04-22 14:15:16.729] [application] [DEBUG] [uk.co.caprica.vlcj.discovery.NativeDiscovery] - jnaLibraryPath=null
[2021-04-22 14:15:16.729] [application] [DEBUG] [uk.co.caprica.vlcj.discovery.NativeDiscovery] - discoveryStrategy=uk.co.caprica.vlcj.discovery.linux.DefaultLinuxNativeDiscoveryStrategy@366ae118
[2021-04-22 14:15:16.729] [application] [DEBUG] [uk.co.caprica.vlcj.discovery.NativeDiscovery] - supported=false
[2021-04-22 14:15:16.729] [application] [DEBUG] [uk.co.caprica.vlcj.discovery.NativeDiscovery] - discoveryStrategy=uk.co.caprica.vlcj.discovery.windows.DefaultWindowsNativeDiscoveryStrategy@507b30e8
[2021-04-22 14:15:16.729] [application] [DEBUG] [uk.co.caprica.vlcj.discovery.NativeDiscovery] - supported=true
[2021-04-22 14:15:16.729] [application] [DEBUG] [uk.co.caprica.vlcj.discovery.AbstractNativeDiscoveryStrategy] - discover()
[2021-04-22 14:15:16.732] [application] [DEBUG] [uk.co.caprica.vlcj.runtime.windows.WindowsRuntimeUtil] - getVlcInstallDir()
[2021-04-22 14:15:17.773] [application] [DEBUG] [uk.co.caprica.vlcj.discovery.AbstractNativeDiscoveryStrategy] - directoryNames=[C:\Program Files\VideoLAN\VLC, D:\jar\Java Swing Tween Engine, C:\Program Files (x86)\Common Files\Intel\Shared Libraries\redist\intel64_win\compiler, C:\ProgramData\Oracle\Java\javapath, C:\Program Files\Common Files\Oracle\Java\javapath, C:\Program Files (x86)\Razer Chroma SDK\bin, C:\Program Files\Razer Chroma SDK\bin, C:\Program Files (x86)\Common Files\Oracle\Java\javapath, C:\Program Files (x86)\Razer\ChromaBroadcast\bin, C:\Program Files\Razer\ChromaBroadcast\bin, C:\Windows\system32, C:\Windows, C:\Windows\System32\Wbem, C:\Windows\System32\WindowsPowerShell\v1.0\, C:\Windows\System32\OpenSSH\, C:\Windows\system32\config\systemprofile\AppData\Local\Microsoft\WindowsApps, C:\Program Files\PuTTY\, C:\Program Files\Git\cmd, E:\Program Files (x86)\Microsoft Visual Studio\Shared\Python37_64\Scripts, C:\Program Files\dotnet\, "C:\Program Files\Java\jre1.8.0_261%\bin, C:\Program Files\Java\jre1.8.0_261\jre\bin, ", C:\Program Files (x86)\dotnet\, C:\WINDOWS\system32, C:\WINDOWS, C:\WINDOWS\System32\Wbem, C:\WINDOWS\System32\WindowsPowerShell\v1.0\, C:\WINDOWS\System32\OpenSSH\, C:\Users\koro\AppData\Local\Microsoft\WindowsApps, C:\Program Files\Bandizip\, C:\Users\koro\.dotnet\tools]
[2021-04-22 14:15:17.773] [application] [DEBUG] [uk.co.caprica.vlcj.discovery.AbstractNativeDiscoveryStrategy] - directoryName=C:\Program Files\VideoLAN\VLC
[2021-04-22 14:15:17.774] [application] [DEBUG] [uk.co.caprica.vlcj.discovery.AbstractNativeDiscoveryStrategy] - Matched 'libvlc.dll' in 'C:\Program Files\VideoLAN\VLC'
[2021-04-22 14:15:17.774] [application] [DEBUG] [uk.co.caprica.vlcj.discovery.AbstractNativeDiscoveryStrategy] - Matched 'libvlccore.dll' in 'C:\Program Files\VideoLAN\VLC'
[2021-04-22 14:15:17.774] [application] [DEBUG] [uk.co.caprica.vlcj.discovery.AbstractNativeDiscoveryStrategy] - Matched all required files
[2021-04-22 14:15:17.774] [application] [DEBUG] [uk.co.caprica.vlcj.discovery.AbstractNativeDiscoveryStrategy] - result=C:\Program Files\VideoLAN\VLC
[2021-04-22 14:15:17.774] [application] [DEBUG] [uk.co.caprica.vlcj.discovery.NativeDiscovery] - path=C:\Program Files\VideoLAN\VLC
[2021-04-22 14:17:33.464] [application] [DEBUG] [uk.co.caprica.vlcj.discovery.NativeDiscovery] - discover()
[2021-04-22 14:17:33.464] [application] [DEBUG] [uk.co.caprica.vlcj.discovery.NativeDiscovery] - jnaLibraryPath=null
[2021-04-22 14:17:33.464] [application] [DEBUG] [uk.co.caprica.vlcj.discovery.NativeDiscovery] - discoveryStrategy=uk.co.caprica.vlcj.discovery.linux.DefaultLinuxNativeDiscoveryStrategy@6ef81a93
[2021-04-22 14:17:33.464] [application] [DEBUG] [uk.co.caprica.vlcj.discovery.NativeDiscovery] - supported=false
[2021-04-22 14:17:33.464] [application] [DEBUG] [uk.co.caprica.vlcj.discovery.NativeDiscovery] - discoveryStrategy=uk.co.caprica.vlcj.discovery.windows.DefaultWindowsNativeDiscoveryStrategy@36551be8
[2021-04-22 14:17:33.464] [application] [DEBUG] [uk.co.caprica.vlcj.discovery.NativeDiscovery] - supported=true
[2021-04-22 14:17:33.464] [application] [DEBUG] [uk.co.caprica.vlcj.discovery.AbstractNativeDiscoveryStrategy] - discover()
[2021-04-22 14:17:33.467] [application] [DEBUG] [uk.co.caprica.vlcj.runtime.windows.WindowsRuntimeUtil] - getVlcInstallDir()
[2021-04-22 14:17:34.294] [application] [DEBUG] [uk.co.caprica.vlcj.discovery.AbstractNativeDiscoveryStrategy] - directoryNames=[C:\Program Files\VideoLAN\VLC, D:\jar\Java Swing Tween Engine, C:\Program Files (x86)\Common Files\Intel\Shared Libraries\redist\intel64_win\compiler, C:\ProgramData\Oracle\Java\javapath, C:\Program Files\Common Files\Oracle\Java\javapath, C:\Program Files (x86)\Razer Chroma SDK\bin, C:\Program Files\Razer Chroma SDK\bin, C:\Program Files (x86)\Common Files\Oracle\Java\javapath, C:\Program Files (x86)\Razer\ChromaBroadcast\bin, C:\Program Files\Razer\ChromaBroadcast\bin, C:\Windows\system32, C:\Windows, C:\Windows\System32\Wbem, C:\Windows\System32\WindowsPowerShell\v1.0\, C:\Windows\System32\OpenSSH\, C:\Windows\system32\config\systemprofile\AppData\Local\Microsoft\WindowsApps, C:\Program Files\PuTTY\, C:\Program Files\Git\cmd, E:\Program Files (x86)\Microsoft Visual Studio\Shared\Python37_64\Scripts, C:\Program Files\dotnet\, "C:\Program Files\Java\jre1.8.0_261%\bin, C:\Program Files\Java\jre1.8.0_261\jre\bin, ", C:\Program Files (x86)\dotnet\, C:\WINDOWS\system32, C:\WINDOWS, C:\WINDOWS\System32\Wbem, C:\WINDOWS\System32\WindowsPowerShell\v1.0\, C:\WINDOWS\System32\OpenSSH\, C:\Users\koro\AppData\Local\Microsoft\WindowsApps, C:\Program Files\Bandizip\, C:\Users\koro\.dotnet\tools]
[2021-04-22 14:17:34.295] [application] [DEBUG] [uk.co.caprica.vlcj.discovery.AbstractNativeDiscoveryStrategy] - directoryName=C:\Program Files\VideoLAN\VLC
[2021-04-22 14:17:34.296] [application] [DEBUG] [uk.co.caprica.vlcj.discovery.AbstractNativeDiscoveryStrategy] - Matched 'libvlc.dll' in 'C:\Program Files\VideoLAN\VLC'
[2021-04-22 14:17:34.296] [application] [DEBUG] [uk.co.caprica.vlcj.discovery.AbstractNativeDiscoveryStrategy] - Matched 'libvlccore.dll' in 'C:\Program Files\VideoLAN\VLC'
[2021-04-22 14:17:34.296] [application] [DEBUG] [uk.co.caprica.vlcj.discovery.AbstractNativeDiscoveryStrategy] - Matched all required files
[2021-04-22 14:17:34.296] [application] [DEBUG] [uk.co.caprica.vlcj.discovery.AbstractNativeDiscoveryStrategy] - result=C:\Program Files\VideoLAN\VLC
[2021-04-22 14:17:34.296] [application] [DEBUG] [uk.co.caprica.vlcj.discovery.NativeDiscovery] - path=C:\Program Files\VideoLAN\VLC
[2021-04-22 14:18:07.785] [application] [DEBUG] [uk.co.caprica.vlcj.discovery.NativeDiscovery] - discover()
[2021-04-22 14:18:07.786] [application] [DEBUG] [uk.co.caprica.vlcj.discovery.NativeDiscovery] - jnaLibraryPath=null
[2021-04-22 14:18:07.786] [application] [DEBUG] [uk.co.caprica.vlcj.discovery.NativeDiscovery] - discoveryStrategy=uk.co.caprica.vlcj.discovery.linux.DefaultLinuxNativeDiscoveryStrategy@6ef81a93
[2021-04-22 14:18:07.786] [application] [DEBUG] [uk.co.caprica.vlcj.discovery.NativeDiscovery] - supported=false
[2021-04-22 14:18:07.786] [application] [DEBUG] [uk.co.caprica.vlcj.discovery.NativeDiscovery] - discoveryStrategy=uk.co.caprica.vlcj.discovery.windows.DefaultWindowsNativeDiscoveryStrategy@36551be8
[2021-04-22 14:18:07.786] [application] [DEBUG] [uk.co.caprica.vlcj.discovery.NativeDiscovery] - supported=true
[2021-04-22 14:18:07.786] [application] [DEBUG] [uk.co.caprica.vlcj.discovery.AbstractNativeDiscoveryStrategy] - discover()
[2021-04-22 14:18:07.790] [application] [DEBUG] [uk.co.caprica.vlcj.runtime.windows.WindowsRuntimeUtil] - getVlcInstallDir()
[2021-04-22 14:18:08.723] [application] [DEBUG] [uk.co.caprica.vlcj.discovery.AbstractNativeDiscoveryStrategy] - directoryNames=[C:\Program Files\VideoLAN\VLC, D:\jar\Java Swing Tween Engine, C:\Program Files (x86)\Common Files\Intel\Shared Libraries\redist\intel64_win\compiler, C:\ProgramData\Oracle\Java\javapath, C:\Program Files\Common Files\Oracle\Java\javapath, C:\Program Files (x86)\Razer Chroma SDK\bin, C:\Program Files\Razer Chroma SDK\bin, C:\Program Files (x86)\Common Files\Oracle\Java\javapath, C:\Program Files (x86)\Razer\ChromaBroadcast\bin, C:\Program Files\Razer\ChromaBroadcast\bin, C:\Windows\system32, C:\Windows, C:\Windows\System32\Wbem, C:\Windows\System32\WindowsPowerShell\v1.0\, C:\Windows\System32\OpenSSH\, C:\Windows\system32\config\systemprofile\AppData\Local\Microsoft\WindowsApps, C:\Program Files\PuTTY\, C:\Program Files\Git\cmd, E:\Program Files (x86)\Microsoft Visual Studio\Shared\Python37_64\Scripts, C:\Program Files\dotnet\, "C:\Program Files\Java\jre1.8.0_261%\bin, C:\Program Files\Java\jre1.8.0_261\jre\bin, ", C:\Program Files (x86)\dotnet\, C:\WINDOWS\system32, C:\WINDOWS, C:\WINDOWS\System32\Wbem, C:\WINDOWS\System32\WindowsPowerShell\v1.0\, C:\WINDOWS\System32\OpenSSH\, C:\Users\koro\AppData\Local\Microsoft\WindowsApps, C:\Program Files\Bandizip\, C:\Users\koro\.dotnet\tools]
[2021-04-22 14:18:08.724] [application] [DEBUG] [uk.co.caprica.vlcj.discovery.AbstractNativeDiscoveryStrategy] - directoryName=C:\Program Files\VideoLAN\VLC
[2021-04-22 14:18:08.725] [application] [DEBUG] [uk.co.caprica.vlcj.discovery.AbstractNativeDiscoveryStrategy] - Matched 'libvlc.dll' in 'C:\Program Files\VideoLAN\VLC'
[2021-04-22 14:18:08.725] [application] [DEBUG] [uk.co.caprica.vlcj.discovery.AbstractNativeDiscoveryStrategy] - Matched 'libvlccore.dll' in 'C:\Program Files\VideoLAN\VLC'
[2021-04-22 14:18:08.725] [application] [DEBUG] [uk.co.caprica.vlcj.discovery.AbstractNativeDiscoveryStrategy] - Matched all required files
[2021-04-22 14:18:08.725] [application] [DEBUG] [uk.co.caprica.vlcj.discovery.AbstractNativeDiscoveryStrategy] - result=C:\Program Files\VideoLAN\VLC
[2021-04-22 14:18:08.726] [application] [DEBUG] [uk.co.caprica.vlcj.discovery.NativeDiscovery] - path=C:\Program Files\VideoLAN\VLC
[2021-04-22 14:19:58.921] [application] [DEBUG] [uk.co.caprica.vlcj.discovery.NativeDiscovery] - discover()
[2021-04-22 14:19:58.922] [application] [DEBUG] [uk.co.caprica.vlcj.discovery.NativeDiscovery] - jnaLibraryPath=null
[2021-04-22 14:19:58.922] [application] [DEBUG] [uk.co.caprica.vlcj.discovery.NativeDiscovery] - discoveryStrategy=uk.co.caprica.vlcj.discovery.linux.DefaultLinuxNativeDiscoveryStrategy@11ede2b6
[2021-04-22 14:19:58.922] [application] [DEBUG] [uk.co.caprica.vlcj.discovery.NativeDiscovery] - supported=false
[2021-04-22 14:19:58.922] [application] [DEBUG] [uk.co.caprica.vlcj.discovery.NativeDiscovery] - discoveryStrategy=uk.co.caprica.vlcj.discovery.windows.DefaultWindowsNativeDiscoveryStrategy@23454b2d
[2021-04-22 14:19:58.922] [application] [DEBUG] [uk.co.caprica.vlcj.discovery.NativeDiscovery] - supported=true
[2021-04-22 14:19:58.923] [application] [DEBUG] [uk.co.caprica.vlcj.discovery.AbstractNativeDiscoveryStrategy] - discover()
[2021-04-22 14:19:58.925] [application] [DEBUG] [uk.co.caprica.vlcj.runtime.windows.WindowsRuntimeUtil] - getVlcInstallDir()
[2021-04-22 14:19:59.858] [application] [DEBUG] [uk.co.caprica.vlcj.discovery.AbstractNativeDiscoveryStrategy] - directoryNames=[C:\Program Files\VideoLAN\VLC, D:\jar\Java Swing Tween Engine, C:\Program Files (x86)\Common Files\Intel\Shared Libraries\redist\intel64_win\compiler, C:\ProgramData\Oracle\Java\javapath, C:\Program Files\Common Files\Oracle\Java\javapath, C:\Program Files (x86)\Razer Chroma SDK\bin, C:\Program Files\Razer Chroma SDK\bin, C:\Program Files (x86)\Common Files\Oracle\Java\javapath, C:\Program Files (x86)\Razer\ChromaBroadcast\bin, C:\Program Files\Razer\ChromaBroadcast\bin, C:\Windows\system32, C:\Windows, C:\Windows\System32\Wbem, C:\Windows\System32\WindowsPowerShell\v1.0\, C:\Windows\System32\OpenSSH\, C:\Windows\system32\config\systemprofile\AppData\Local\Microsoft\WindowsApps, C:\Program Files\PuTTY\, C:\Program Files\Git\cmd, E:\Program Files (x86)\Microsoft Visual Studio\Shared\Python37_64\Scripts, C:\Program Files\dotnet\, "C:\Program Files\Java\jre1.8.0_261%\bin, C:\Program Files\Java\jre1.8.0_261\jre\bin, ", C:\Program Files (x86)\dotnet\, C:\WINDOWS\system32, C:\WINDOWS, C:\WINDOWS\System32\Wbem, C:\WINDOWS\System32\WindowsPowerShell\v1.0\, C:\WINDOWS\System32\OpenSSH\, C:\Users\koro\AppData\Local\Microsoft\WindowsApps, C:\Program Files\Bandizip\, C:\Users\koro\.dotnet\tools]
[2021-04-22 14:19:59.858] [application] [DEBUG] [uk.co.caprica.vlcj.discovery.AbstractNativeDiscoveryStrategy] - directoryName=C:\Program Files\VideoLAN\VLC
[2021-04-22 14:19:59.859] [application] [DEBUG] [uk.co.caprica.vlcj.discovery.AbstractNativeDiscoveryStrategy] - Matched 'libvlc.dll' in 'C:\Program Files\VideoLAN\VLC'
[2021-04-22 14:19:59.859] [application] [DEBUG] [uk.co.caprica.vlcj.discovery.AbstractNativeDiscoveryStrategy] - Matched 'libvlccore.dll' in 'C:\Program Files\VideoLAN\VLC'
[2021-04-22 14:19:59.860] [application] [DEBUG] [uk.co.caprica.vlcj.discovery.AbstractNativeDiscoveryStrategy] - Matched all required files
[2021-04-22 14:19:59.860] [application] [DEBUG] [uk.co.caprica.vlcj.discovery.AbstractNativeDiscoveryStrategy] - result=C:\Program Files\VideoLAN\VLC
[2021-04-22 14:19:59.860] [application] [DEBUG] [uk.co.caprica.vlcj.discovery.NativeDiscovery] - path=C:\Program Files\VideoLAN\VLC
[2021-04-22 14:20:24.503] [application] [DEBUG] [uk.co.caprica.vlcj.discovery.NativeDiscovery] - discover()
[2021-04-22 14:20:24.504] [application] [DEBUG] [uk.co.caprica.vlcj.discovery.NativeDiscovery] - jnaLibraryPath=null
[2021-04-22 14:20:24.504] [application] [DEBUG] [uk.co.caprica.vlcj.discovery.NativeDiscovery] - discoveryStrategy=uk.co.caprica.vlcj.discovery.linux.DefaultLinuxNativeDiscoveryStrategy@11ede2b6
[2021-04-22 14:20:24.504] [application] [DEBUG] [uk.co.caprica.vlcj.discovery.NativeDiscovery] - supported=false
[2021-04-22 14:20:24.504] [application] [DEBUG] [uk.co.caprica.vlcj.discovery.NativeDiscovery] - discoveryStrategy=uk.co.caprica.vlcj.discovery.windows.DefaultWindowsNativeDiscoveryStrategy@23454b2d
[2021-04-22 14:20:24.505] [application] [DEBUG] [uk.co.caprica.vlcj.discovery.NativeDiscovery] - supported=true
[2021-04-22 14:20:24.505] [application] [DEBUG] [uk.co.caprica.vlcj.discovery.AbstractNativeDiscoveryStrategy] - discover()
[2021-04-22 14:20:24.508] [application] [DEBUG] [uk.co.caprica.vlcj.runtime.windows.WindowsRuntimeUtil] - getVlcInstallDir()
[2021-04-22 14:20:25.462] [application] [DEBUG] [uk.co.caprica.vlcj.discovery.AbstractNativeDiscoveryStrategy] - directoryNames=[C:\Program Files\VideoLAN\VLC, D:\jar\Java Swing Tween Engine, C:\Program Files (x86)\Common Files\Intel\Shared Libraries\redist\intel64_win\compiler, C:\ProgramData\Oracle\Java\javapath, C:\Program Files\Common Files\Oracle\Java\javapath, C:\Program Files (x86)\Razer Chroma SDK\bin, C:\Program Files\Razer Chroma SDK\bin, C:\Program Files (x86)\Common Files\Oracle\Java\javapath, C:\Program Files (x86)\Razer\ChromaBroadcast\bin, C:\Program Files\Razer\ChromaBroadcast\bin, C:\Windows\system32, C:\Windows, C:\Windows\System32\Wbem, C:\Windows\System32\WindowsPowerShell\v1.0\, C:\Windows\System32\OpenSSH\, C:\Windows\system32\config\systemprofile\AppData\Local\Microsoft\WindowsApps, C:\Program Files\PuTTY\, C:\Program Files\Git\cmd, E:\Program Files (x86)\Microsoft Visual Studio\Shared\Python37_64\Scripts, C:\Program Files\dotnet\, "C:\Program Files\Java\jre1.8.0_261%\bin, C:\Program Files\Java\jre1.8.0_261\jre\bin, ", C:\Program Files (x86)\dotnet\, C:\WINDOWS\system32, C:\WINDOWS, C:\WINDOWS\System32\Wbem, C:\WINDOWS\System32\WindowsPowerShell\v1.0\, C:\WINDOWS\System32\OpenSSH\, C:\Users\koro\AppData\Local\Microsoft\WindowsApps, C:\Program Files\Bandizip\, C:\Users\koro\.dotnet\tools]
[2021-04-22 14:20:25.463] [application] [DEBUG] [uk.co.caprica.vlcj.discovery.AbstractNativeDiscoveryStrategy] - directoryName=C:\Program Files\VideoLAN\VLC
[2021-04-22 14:20:25.464] [application] [DEBUG] [uk.co.caprica.vlcj.discovery.AbstractNativeDiscoveryStrategy] - Matched 'libvlc.dll' in 'C:\Program Files\VideoLAN\VLC'
[2021-04-22 14:20:25.464] [application] [DEBUG] [uk.co.caprica.vlcj.discovery.AbstractNativeDiscoveryStrategy] - Matched 'libvlccore.dll' in 'C:\Program Files\VideoLAN\VLC'
[2021-04-22 14:20:25.464] [application] [DEBUG] [uk.co.caprica.vlcj.discovery.AbstractNativeDiscoveryStrategy] - Matched all required files
[2021-04-22 14:20:25.464] [application] [DEBUG] [uk.co.caprica.vlcj.discovery.AbstractNativeDiscoveryStrategy] - result=C:\Program Files\VideoLAN\VLC
[2021-04-22 14:20:25.464] [application] [DEBUG] [uk.co.caprica.vlcj.discovery.NativeDiscovery] - path=C:\Program Files\VideoLAN\VLC
[2021-04-22 14:20:58.065] [application] [DEBUG] [uk.co.caprica.vlcj.discovery.NativeDiscovery] - discover()
[2021-04-22 14:20:58.066] [application] [DEBUG] [uk.co.caprica.vlcj.discovery.NativeDiscovery] - jnaLibraryPath=null
[2021-04-22 14:20:58.066] [application] [DEBUG] [uk.co.caprica.vlcj.discovery.NativeDiscovery] - discoveryStrategy=uk.co.caprica.vlcj.discovery.linux.DefaultLinuxNativeDiscoveryStrategy@6ef81a93
[2021-04-22 14:20:58.066] [application] [DEBUG] [uk.co.caprica.vlcj.discovery.NativeDiscovery] - supported=false
[2021-04-22 14:20:58.066] [application] [DEBUG] [uk.co.caprica.vlcj.discovery.NativeDiscovery] - discoveryStrategy=uk.co.caprica.vlcj.discovery.windows.DefaultWindowsNativeDiscoveryStrategy@36551be8
[2021-04-22 14:20:58.066] [application] [DEBUG] [uk.co.caprica.vlcj.discovery.NativeDiscovery] - supported=true
[2021-04-22 14:20:58.067] [application] [DEBUG] [uk.co.caprica.vlcj.discovery.AbstractNativeDiscoveryStrategy] - discover()
[2021-04-22 14:20:58.070] [application] [DEBUG] [uk.co.caprica.vlcj.runtime.windows.WindowsRuntimeUtil] - getVlcInstallDir()
[2021-04-22 14:20:58.960] [application] [DEBUG] [uk.co.caprica.vlcj.discovery.AbstractNativeDiscoveryStrategy] - directoryNames=[C:\Program Files\VideoLAN\VLC, D:\jar\Java Swing Tween Engine, C:\Program Files (x86)\Common Files\Intel\Shared Libraries\redist\intel64_win\compiler, C:\ProgramData\Oracle\Java\javapath, C:\Program Files\Common Files\Oracle\Java\javapath, C:\Program Files (x86)\Razer Chroma SDK\bin, C:\Program Files\Razer Chroma SDK\bin, C:\Program Files (x86)\Common Files\Oracle\Java\javapath, C:\Program Files (x86)\Razer\ChromaBroadcast\bin, C:\Program Files\Razer\ChromaBroadcast\bin, C:\Windows\system32, C:\Windows, C:\Windows\System32\Wbem, C:\Windows\System32\WindowsPowerShell\v1.0\, C:\Windows\System32\OpenSSH\, C:\Windows\system32\config\systemprofile\AppData\Local\Microsoft\WindowsApps, C:\Program Files\PuTTY\, C:\Program Files\Git\cmd, E:\Program Files (x86)\Microsoft Visual Studio\Shared\Python37_64\Scripts, C:\Program Files\dotnet\, "C:\Program Files\Java\jre1.8.0_261%\bin, C:\Program Files\Java\jre1.8.0_261\jre\bin, ", C:\Program Files (x86)\dotnet\, C:\WINDOWS\system32, C:\WINDOWS, C:\WINDOWS\System32\Wbem, C:\WINDOWS\System32\WindowsPowerShell\v1.0\, C:\WINDOWS\System32\OpenSSH\, C:\Users\koro\AppData\Local\Microsoft\WindowsApps, C:\Program Files\Bandizip\, C:\Users\koro\.dotnet\tools]
[2021-04-22 14:20:58.961] [application] [DEBUG] [uk.co.caprica.vlcj.discovery.AbstractNativeDiscoveryStrategy] - directoryName=C:\Program Files\VideoLAN\VLC
[2021-04-22 14:20:58.962] [application] [DEBUG] [uk.co.caprica.vlcj.discovery.AbstractNativeDiscoveryStrategy] - Matched 'libvlc.dll' in 'C:\Program Files\VideoLAN\VLC'
[2021-04-22 14:20:58.962] [application] [DEBUG] [uk.co.caprica.vlcj.discovery.AbstractNativeDiscoveryStrategy] - Matched 'libvlccore.dll' in 'C:\Program Files\VideoLAN\VLC'
[2021-04-22 14:20:58.962] [application] [DEBUG] [uk.co.caprica.vlcj.discovery.AbstractNativeDiscoveryStrategy] - Matched all required files
[2021-04-22 14:20:58.963] [application] [DEBUG] [uk.co.caprica.vlcj.discovery.AbstractNativeDiscoveryStrategy] - result=C:\Program Files\VideoLAN\VLC
[2021-04-22 14:20:58.963] [application] [DEBUG] [uk.co.caprica.vlcj.discovery.NativeDiscovery] - path=C:\Program Files\VideoLAN\VLC
[2021-04-22 14:22:58.204] [application] [DEBUG] [uk.co.caprica.vlcj.discovery.NativeDiscovery] - discover()
[2021-04-22 14:22:58.204] [application] [DEBUG] [uk.co.caprica.vlcj.discovery.NativeDiscovery] - jnaLibraryPath=null
[2021-04-22 14:22:58.204] [application] [DEBUG] [uk.co.caprica.vlcj.discovery.NativeDiscovery] - discoveryStrategy=uk.co.caprica.vlcj.discovery.linux.DefaultLinuxNativeDiscoveryStrategy@11ede2b6
[2021-04-22 14:22:58.205] [application] [DEBUG] [uk.co.caprica.vlcj.discovery.NativeDiscovery] - supported=false
[2021-04-22 14:22:58.205] [application] [DEBUG] [uk.co.caprica.vlcj.discovery.NativeDiscovery] - discoveryStrategy=uk.co.caprica.vlcj.discovery.windows.DefaultWindowsNativeDiscoveryStrategy@23454b2d
[2021-04-22 14:22:58.205] [application] [DEBUG] [uk.co.caprica.vlcj.discovery.NativeDiscovery] - supported=true
[2021-04-22 14:22:58.205] [application] [DEBUG] [uk.co.caprica.vlcj.discovery.AbstractNativeDiscoveryStrategy] - discover()
[2021-04-22 14:22:58.209] [application] [DEBUG] [uk.co.caprica.vlcj.runtime.windows.WindowsRuntimeUtil] - getVlcInstallDir()
[2021-04-22 14:22:59.107] [application] [DEBUG] [uk.co.caprica.vlcj.discovery.AbstractNativeDiscoveryStrategy] - directoryNames=[C:\Program Files\VideoLAN\VLC, D:\jar\Java Swing Tween Engine, C:\Program Files (x86)\Common Files\Intel\Shared Libraries\redist\intel64_win\compiler, C:\ProgramData\Oracle\Java\javapath, C:\Program Files\Common Files\Oracle\Java\javapath, C:\Program Files (x86)\Razer Chroma SDK\bin, C:\Program Files\Razer Chroma SDK\bin, C:\Program Files (x86)\Common Files\Oracle\Java\javapath, C:\Program Files (x86)\Razer\ChromaBroadcast\bin, C:\Program Files\Razer\ChromaBroadcast\bin, C:\Windows\system32, C:\Windows, C:\Windows\System32\Wbem, C:\Windows\System32\WindowsPowerShell\v1.0\, C:\Windows\System32\OpenSSH\, C:\Windows\system32\config\systemprofile\AppData\Local\Microsoft\WindowsApps, C:\Program Files\PuTTY\, C:\Program Files\Git\cmd, E:\Program Files (x86)\Microsoft Visual Studio\Shared\Python37_64\Scripts, C:\Program Files\dotnet\, "C:\Program Files\Java\jre1.8.0_261%\bin, C:\Program Files\Java\jre1.8.0_261\jre\bin, ", C:\Program Files (x86)\dotnet\, C:\WINDOWS\system32, C:\WINDOWS, C:\WINDOWS\System32\Wbem, C:\WINDOWS\System32\WindowsPowerShell\v1.0\, C:\WINDOWS\System32\OpenSSH\, C:\Users\koro\AppData\Local\Microsoft\WindowsApps, C:\Program Files\Bandizip\, C:\Users\koro\.dotnet\tools]
[2021-04-22 14:22:59.108] [application] [DEBUG] [uk.co.caprica.vlcj.discovery.AbstractNativeDiscoveryStrategy] - directoryName=C:\Program Files\VideoLAN\VLC
[2021-04-22 14:22:59.109] [application] [DEBUG] [uk.co.caprica.vlcj.discovery.AbstractNativeDiscoveryStrategy] - Matched 'libvlc.dll' in 'C:\Program Files\VideoLAN\VLC'
[2021-04-22 14:22:59.109] [application] [DEBUG] [uk.co.caprica.vlcj.discovery.AbstractNativeDiscoveryStrategy] - Matched 'libvlccore.dll' in 'C:\Program Files\VideoLAN\VLC'
[2021-04-22 14:22:59.109] [application] [DEBUG] [uk.co.caprica.vlcj.discovery.AbstractNativeDiscoveryStrategy] - Matched all required files
[2021-04-22 14:22:59.109] [application] [DEBUG] [uk.co.caprica.vlcj.discovery.AbstractNativeDiscoveryStrategy] - result=C:\Program Files\VideoLAN\VLC
[2021-04-22 14:22:59.109] [application] [DEBUG] [uk.co.caprica.vlcj.discovery.NativeDiscovery] - path=C:\Program Files\VideoLAN\VLC
[2021-04-22 14:23:52.266] [application] [DEBUG] [uk.co.caprica.vlcj.discovery.NativeDiscovery] - discover()
[2021-04-22 14:23:52.267] [application] [DEBUG] [uk.co.caprica.vlcj.discovery.NativeDiscovery] - jnaLibraryPath=null
[2021-04-22 14:23:52.267] [application] [DEBUG] [uk.co.caprica.vlcj.discovery.NativeDiscovery] - discoveryStrategy=uk.co.caprica.vlcj.discovery.linux.DefaultLinuxNativeDiscoveryStrategy@4c328fc3
[2021-04-22 14:23:52.267] [application] [DEBUG] [uk.co.caprica.vlcj.discovery.NativeDiscovery] - supported=false
[2021-04-22 14:23:52.267] [application] [DEBUG] [uk.co.caprica.vlcj.discovery.NativeDiscovery] - discoveryStrategy=uk.co.caprica.vlcj.discovery.windows.DefaultWindowsNativeDiscoveryStrategy@6033b29
[2021-04-22 14:23:52.267] [application] [DEBUG] [uk.co.caprica.vlcj.discovery.NativeDiscovery] - supported=true
[2021-04-22 14:23:52.268] [application] [DEBUG] [uk.co.caprica.vlcj.discovery.AbstractNativeDiscoveryStrategy] - discover()
[2021-04-22 14:23:52.270] [application] [DEBUG] [uk.co.caprica.vlcj.runtime.windows.WindowsRuntimeUtil] - getVlcInstallDir()
[2021-04-22 14:23:53.227] [application] [DEBUG] [uk.co.caprica.vlcj.discovery.AbstractNativeDiscoveryStrategy] - directoryNames=[C:\Program Files\VideoLAN\VLC, D:\jar\Java Swing Tween Engine, C:\Program Files (x86)\Common Files\Intel\Shared Libraries\redist\intel64_win\compiler, C:\ProgramData\Oracle\Java\javapath, C:\Program Files\Common Files\Oracle\Java\javapath, C:\Program Files (x86)\Razer Chroma SDK\bin, C:\Program Files\Razer Chroma SDK\bin, C:\Program Files (x86)\Common Files\Oracle\Java\javapath, C:\Program Files (x86)\Razer\ChromaBroadcast\bin, C:\Program Files\Razer\ChromaBroadcast\bin, C:\Windows\system32, C:\Windows, C:\Windows\System32\Wbem, C:\Windows\System32\WindowsPowerShell\v1.0\, C:\Windows\System32\OpenSSH\, C:\Windows\system32\config\systemprofile\AppData\Local\Microsoft\WindowsApps, C:\Program Files\PuTTY\, C:\Program Files\Git\cmd, E:\Program Files (x86)\Microsoft Visual Studio\Shared\Python37_64\Scripts, C:\Program Files\dotnet\, "C:\Program Files\Java\jre1.8.0_261%\bin, C:\Program Files\Java\jre1.8.0_261\jre\bin, ", C:\Program Files (x86)\dotnet\, C:\WINDOWS\system32, C:\WINDOWS, C:\WINDOWS\System32\Wbem, C:\WINDOWS\System32\WindowsPowerShell\v1.0\, C:\WINDOWS\System32\OpenSSH\, C:\Users\koro\AppData\Local\Microsoft\WindowsApps, C:\Program Files\Bandizip\, C:\Users\koro\.dotnet\tools]
[2021-04-22 14:23:53.228] [application] [DEBUG] [uk.co.caprica.vlcj.discovery.AbstractNativeDiscoveryStrategy] - directoryName=C:\Program Files\VideoLAN\VLC
[2021-04-22 14:23:53.228] [application] [DEBUG] [uk.co.caprica.vlcj.discovery.AbstractNativeDiscoveryStrategy] - Matched 'libvlc.dll' in 'C:\Program Files\VideoLAN\VLC'
[2021-04-22 14:23:53.228] [application] [DEBUG] [uk.co.caprica.vlcj.discovery.AbstractNativeDiscoveryStrategy] - Matched 'libvlccore.dll' in 'C:\Program Files\VideoLAN\VLC'
[2021-04-22 14:23:53.229] [application] [DEBUG] [uk.co.caprica.vlcj.discovery.AbstractNativeDiscoveryStrategy] - Matched all required files
[2021-04-22 14:23:53.229] [application] [DEBUG] [uk.co.caprica.vlcj.discovery.AbstractNativeDiscoveryStrategy] - result=C:\Program Files\VideoLAN\VLC
[2021-04-22 14:23:53.229] [application] [DEBUG] [uk.co.caprica.vlcj.discovery.NativeDiscovery] - path=C:\Program Files\VideoLAN\VLC
[2021-04-22 14:26:34.001] [application] [DEBUG] [uk.co.caprica.vlcj.discovery.NativeDiscovery] - discover()
[2021-04-22 14:26:34.001] [application] [DEBUG] [uk.co.caprica.vlcj.discovery.NativeDiscovery] - jnaLibraryPath=null
[2021-04-22 14:26:34.001] [application] [DEBUG] [uk.co.caprica.vlcj.discovery.NativeDiscovery] - discoveryStrategy=uk.co.caprica.vlcj.discovery.linux.DefaultLinuxNativeDiscoveryStrategy@4c328fc3
[2021-04-22 14:26:34.001] [application] [DEBUG] [uk.co.caprica.vlcj.discovery.NativeDiscovery] - supported=false
[2021-04-22 14:26:34.001] [application] [DEBUG] [uk.co.caprica.vlcj.discovery.NativeDiscovery] - discoveryStrategy=uk.co.caprica.vlcj.discovery.windows.DefaultWindowsNativeDiscoveryStrategy@6033b29
[2021-04-22 14:26:34.002] [application] [DEBUG] [uk.co.caprica.vlcj.discovery.NativeDiscovery] - supported=true
[2021-04-22 14:26:34.002] [application] [DEBUG] [uk.co.caprica.vlcj.discovery.AbstractNativeDiscoveryStrategy] - discover()
[2021-04-22 14:26:34.005] [application] [DEBUG] [uk.co.caprica.vlcj.runtime.windows.WindowsRuntimeUtil] - getVlcInstallDir()
[2021-04-22 14:26:34.944] [application] [DEBUG] [uk.co.caprica.vlcj.discovery.AbstractNativeDiscoveryStrategy] - directoryNames=[C:\Program Files\VideoLAN\VLC, D:\jar\Java Swing Tween Engine, C:\Program Files (x86)\Common Files\Intel\Shared Libraries\redist\intel64_win\compiler, C:\ProgramData\Oracle\Java\javapath, C:\Program Files\Common Files\Oracle\Java\javapath, C:\Program Files (x86)\Razer Chroma SDK\bin, C:\Program Files\Razer Chroma SDK\bin, C:\Program Files (x86)\Common Files\Oracle\Java\javapath, C:\Program Files (x86)\Razer\ChromaBroadcast\bin, C:\Program Files\Razer\ChromaBroadcast\bin, C:\Windows\system32, C:\Windows, C:\Windows\System32\Wbem, C:\Windows\System32\WindowsPowerShell\v1.0\, C:\Windows\System32\OpenSSH\, C:\Windows\system32\config\systemprofile\AppData\Local\Microsoft\WindowsApps, C:\Program Files\PuTTY\, C:\Program Files\Git\cmd, E:\Program Files (x86)\Microsoft Visual Studio\Shared\Python37_64\Scripts, C:\Program Files\dotnet\, "C:\Program Files\Java\jre1.8.0_261%\bin, C:\Program Files\Java\jre1.8.0_261\jre\bin, ", C:\Program Files (x86)\dotnet\, C:\WINDOWS\system32, C:\WINDOWS, C:\WINDOWS\System32\Wbem, C:\WINDOWS\System32\WindowsPowerShell\v1.0\, C:\WINDOWS\System32\OpenSSH\, C:\Users\koro\AppData\Local\Microsoft\WindowsApps, C:\Program Files\Bandizip\, C:\Users\koro\.dotnet\tools]
[2021-04-22 14:26:34.945] [application] [DEBUG] [uk.co.caprica.vlcj.discovery.AbstractNativeDiscoveryStrategy] - directoryName=C:\Program Files\VideoLAN\VLC
[2021-04-22 14:26:34.946] [application] [DEBUG] [uk.co.caprica.vlcj.discovery.AbstractNativeDiscoveryStrategy] - Matched 'libvlc.dll' in 'C:\Program Files\VideoLAN\VLC'
[2021-04-22 14:26:34.946] [application] [DEBUG] [uk.co.caprica.vlcj.discovery.AbstractNativeDiscoveryStrategy] - Matched 'libvlccore.dll' in 'C:\Program Files\VideoLAN\VLC'
[2021-04-22 14:26:34.947] [application] [DEBUG] [uk.co.caprica.vlcj.discovery.AbstractNativeDiscoveryStrategy] - Matched all required files
[2021-04-22 14:26:34.947] [application] [DEBUG] [uk.co.caprica.vlcj.discovery.AbstractNativeDiscoveryStrategy] - result=C:\Program Files\VideoLAN\VLC
[2021-04-22 14:26:34.947] [application] [DEBUG] [uk.co.caprica.vlcj.discovery.NativeDiscovery] - path=C:\Program Files\VideoLAN\VLC
[2021-04-22 14:26:55.970] [application] [DEBUG] [uk.co.caprica.vlcj.discovery.NativeDiscovery] - discover()
[2021-04-22 14:26:55.971] [application] [DEBUG] [uk.co.caprica.vlcj.discovery.NativeDiscovery] - jnaLibraryPath=null
[2021-04-22 14:26:55.971] [application] [DEBUG] [uk.co.caprica.vlcj.discovery.NativeDiscovery] - discoveryStrategy=uk.co.caprica.vlcj.discovery.linux.DefaultLinuxNativeDiscoveryStrategy@4c328fc3
[2021-04-22 14:26:55.971] [application] [DEBUG] [uk.co.caprica.vlcj.discovery.NativeDiscovery] - supported=false
[2021-04-22 14:26:55.971] [application] [DEBUG] [uk.co.caprica.vlcj.discovery.NativeDiscovery] - discoveryStrategy=uk.co.caprica.vlcj.discovery.windows.DefaultWindowsNativeDiscoveryStrategy@6033b29
[2021-04-22 14:26:55.971] [application] [DEBUG] [uk.co.caprica.vlcj.discovery.NativeDiscovery] - supported=true
[2021-04-22 14:26:55.972] [application] [DEBUG] [uk.co.caprica.vlcj.discovery.AbstractNativeDiscoveryStrategy] - discover()
[2021-04-22 14:26:55.975] [application] [DEBUG] [uk.co.caprica.vlcj.runtime.windows.WindowsRuntimeUtil] - getVlcInstallDir()
[2021-04-22 14:26:56.898] [application] [DEBUG] [uk.co.caprica.vlcj.discovery.AbstractNativeDiscoveryStrategy] - directoryNames=[C:\Program Files\VideoLAN\VLC, D:\jar\Java Swing Tween Engine, C:\Program Files (x86)\Common Files\Intel\Shared Libraries\redist\intel64_win\compiler, C:\ProgramData\Oracle\Java\javapath, C:\Program Files\Common Files\Oracle\Java\javapath, C:\Program Files (x86)\Razer Chroma SDK\bin, C:\Program Files\Razer Chroma SDK\bin, C:\Program Files (x86)\Common Files\Oracle\Java\javapath, C:\Program Files (x86)\Razer\ChromaBroadcast\bin, C:\Program Files\Razer\ChromaBroadcast\bin, C:\Windows\system32, C:\Windows, C:\Windows\System32\Wbem, C:\Windows\System32\WindowsPowerShell\v1.0\, C:\Windows\System32\OpenSSH\, C:\Windows\system32\config\systemprofile\AppData\Local\Microsoft\WindowsApps, C:\Program Files\PuTTY\, C:\Program Files\Git\cmd, E:\Program Files (x86)\Microsoft Visual Studio\Shared\Python37_64\Scripts, C:\Program Files\dotnet\, "C:\Program Files\Java\jre1.8.0_261%\bin, C:\Program Files\Java\jre1.8.0_261\jre\bin, ", C:\Program Files (x86)\dotnet\, C:\WINDOWS\system32, C:\WINDOWS, C:\WINDOWS\System32\Wbem, C:\WINDOWS\System32\WindowsPowerShell\v1.0\, C:\WINDOWS\System32\OpenSSH\, C:\Users\koro\AppData\Local\Microsoft\WindowsApps, C:\Program Files\Bandizip\, C:\Users\koro\.dotnet\tools]
[2021-04-22 14:26:56.898] [application] [DEBUG] [uk.co.caprica.vlcj.discovery.AbstractNativeDiscoveryStrategy] - directoryName=C:\Program Files\VideoLAN\VLC
[2021-04-22 14:26:56.899] [application] [DEBUG] [uk.co.caprica.vlcj.discovery.AbstractNativeDiscoveryStrategy] - Matched 'libvlc.dll' in 'C:\Program Files\VideoLAN\VLC'
[2021-04-22 14:26:56.900] [application] [DEBUG] [uk.co.caprica.vlcj.discovery.AbstractNativeDiscoveryStrategy] - Matched 'libvlccore.dll' in 'C:\Program Files\VideoLAN\VLC'
[2021-04-22 14:26:56.900] [application] [DEBUG] [uk.co.caprica.vlcj.discovery.AbstractNativeDiscoveryStrategy] - Matched all required files
[2021-04-22 14:26:56.900] [application] [DEBUG] [uk.co.caprica.vlcj.discovery.AbstractNativeDiscoveryStrategy] - result=C:\Program Files\VideoLAN\VLC
[2021-04-22 14:26:56.901] [application] [DEBUG] [uk.co.caprica.vlcj.discovery.NativeDiscovery] - path=C:\Program Files\VideoLAN\VLC
[2021-04-22 14:27:46.968] [application] [DEBUG] [uk.co.caprica.vlcj.discovery.NativeDiscovery] - discover()
[2021-04-22 14:27:46.968] [application] [DEBUG] [uk.co.caprica.vlcj.discovery.NativeDiscovery] - jnaLibraryPath=null
[2021-04-22 14:27:46.968] [application] [DEBUG] [uk.co.caprica.vlcj.discovery.NativeDiscovery] - discoveryStrategy=uk.co.caprica.vlcj.discovery.linux.DefaultLinuxNativeDiscoveryStrategy@11ede2b6
[2021-04-22 14:27:46.968] [application] [DEBUG] [uk.co.caprica.vlcj.discovery.NativeDiscovery] - supported=false
[2021-04-22 14:27:46.968] [application] [DEBUG] [uk.co.caprica.vlcj.discovery.NativeDiscovery] - discoveryStrategy=uk.co.caprica.vlcj.discovery.windows.DefaultWindowsNativeDiscoveryStrategy@23454b2d
[2021-04-22 14:27:46.968] [application] [DEBUG] [uk.co.caprica.vlcj.discovery.NativeDiscovery] - supported=true
[2021-04-22 14:27:46.968] [application] [DEBUG] [uk.co.caprica.vlcj.discovery.AbstractNativeDiscoveryStrategy] - discover()
[2021-04-22 14:27:46.971] [application] [DEBUG] [uk.co.caprica.vlcj.runtime.windows.WindowsRuntimeUtil] - getVlcInstallDir()
[2021-04-22 14:27:47.800] [application] [DEBUG] [uk.co.caprica.vlcj.discovery.AbstractNativeDiscoveryStrategy] - directoryNames=[C:\Program Files\VideoLAN\VLC, D:\jar\Java Swing Tween Engine, C:\Program Files (x86)\Common Files\Intel\Shared Libraries\redist\intel64_win\compiler, C:\ProgramData\Oracle\Java\javapath, C:\Program Files\Common Files\Oracle\Java\javapath, C:\Program Files (x86)\Razer Chroma SDK\bin, C:\Program Files\Razer Chroma SDK\bin, C:\Program Files (x86)\Common Files\Oracle\Java\javapath, C:\Program Files (x86)\Razer\ChromaBroadcast\bin, C:\Program Files\Razer\ChromaBroadcast\bin, C:\Windows\system32, C:\Windows, C:\Windows\System32\Wbem, C:\Windows\System32\WindowsPowerShell\v1.0\, C:\Windows\System32\OpenSSH\, C:\Windows\system32\config\systemprofile\AppData\Local\Microsoft\WindowsApps, C:\Program Files\PuTTY\, C:\Program Files\Git\cmd, E:\Program Files (x86)\Microsoft Visual Studio\Shared\Python37_64\Scripts, C:\Program Files\dotnet\, "C:\Program Files\Java\jre1.8.0_261%\bin, C:\Program Files\Java\jre1.8.0_261\jre\bin, ", C:\Program Files (x86)\dotnet\, C:\WINDOWS\system32, C:\WINDOWS, C:\WINDOWS\System32\Wbem, C:\WINDOWS\System32\WindowsPowerShell\v1.0\, C:\WINDOWS\System32\OpenSSH\, C:\Users\koro\AppData\Local\Microsoft\WindowsApps, C:\Program Files\Bandizip\, C:\Users\koro\.dotnet\tools]
[2021-04-22 14:27:47.800] [application] [DEBUG] [uk.co.caprica.vlcj.discovery.AbstractNativeDiscoveryStrategy] - directoryName=C:\Program Files\VideoLAN\VLC
[2021-04-22 14:27:47.801] [application] [DEBUG] [uk.co.caprica.vlcj.discovery.AbstractNativeDiscoveryStrategy] - Matched 'libvlc.dll' in 'C:\Program Files\VideoLAN\VLC'
[2021-04-22 14:27:47.801] [application] [DEBUG] [uk.co.caprica.vlcj.discovery.AbstractNativeDiscoveryStrategy] - Matched 'libvlccore.dll' in 'C:\Program Files\VideoLAN\VLC'
[2021-04-22 14:27:47.801] [application] [DEBUG] [uk.co.caprica.vlcj.discovery.AbstractNativeDiscoveryStrategy] - Matched all required files
[2021-04-22 14:27:47.801] [application] [DEBUG] [uk.co.caprica.vlcj.discovery.AbstractNativeDiscoveryStrategy] - result=C:\Program Files\VideoLAN\VLC
[2021-04-22 14:27:47.802] [application] [DEBUG] [uk.co.caprica.vlcj.discovery.NativeDiscovery] - path=C:\Program Files\VideoLAN\VLC
[2021-04-22 14:31:22.114] [application] [DEBUG] [uk.co.caprica.vlcj.discovery.NativeDiscovery] - discover()
[2021-04-22 14:31:22.115] [application] [DEBUG] [uk.co.caprica.vlcj.discovery.NativeDiscovery] - jnaLibraryPath=null
[2021-04-22 14:31:22.115] [application] [DEBUG] [uk.co.caprica.vlcj.discovery.NativeDiscovery] - discoveryStrategy=uk.co.caprica.vlcj.discovery.linux.DefaultLinuxNativeDiscoveryStrategy@11ede2b6
[2021-04-22 14:31:22.115] [application] [DEBUG] [uk.co.caprica.vlcj.discovery.NativeDiscovery] - supported=false
[2021-04-22 14:31:22.115] [application] [DEBUG] [uk.co.caprica.vlcj.discovery.NativeDiscovery] - discoveryStrategy=uk.co.caprica.vlcj.discovery.windows.DefaultWindowsNativeDiscoveryStrategy@23454b2d
[2021-04-22 14:31:22.116] [application] [DEBUG] [uk.co.caprica.vlcj.discovery.NativeDiscovery] - supported=true
[2021-04-22 14:31:22.116] [application] [DEBUG] [uk.co.caprica.vlcj.discovery.AbstractNativeDiscoveryStrategy] - discover()
[2021-04-22 14:31:22.119] [application] [DEBUG] [uk.co.caprica.vlcj.runtime.windows.WindowsRuntimeUtil] - getVlcInstallDir()
[2021-04-22 14:31:22.981] [application] [DEBUG] [uk.co.caprica.vlcj.discovery.AbstractNativeDiscoveryStrategy] - directoryNames=[C:\Program Files\VideoLAN\VLC, D:\jar\Java Swing Tween Engine, C:\Program Files (x86)\Common Files\Intel\Shared Libraries\redist\intel64_win\compiler, C:\ProgramData\Oracle\Java\javapath, C:\Program Files\Common Files\Oracle\Java\javapath, C:\Program Files (x86)\Razer Chroma SDK\bin, C:\Program Files\Razer Chroma SDK\bin, C:\Program Files (x86)\Common Files\Oracle\Java\javapath, C:\Program Files (x86)\Razer\ChromaBroadcast\bin, C:\Program Files\Razer\ChromaBroadcast\bin, C:\Windows\system32, C:\Windows, C:\Windows\System32\Wbem, C:\Windows\System32\WindowsPowerShell\v1.0\, C:\Windows\System32\OpenSSH\, C:\Windows\system32\config\systemprofile\AppData\Local\Microsoft\WindowsApps, C:\Program Files\PuTTY\, C:\Program Files\Git\cmd, E:\Program Files (x86)\Microsoft Visual Studio\Shared\Python37_64\Scripts, C:\Program Files\dotnet\, "C:\Program Files\Java\jre1.8.0_261%\bin, C:\Program Files\Java\jre1.8.0_261\jre\bin, ", C:\Program Files (x86)\dotnet\, C:\WINDOWS\system32, C:\WINDOWS, C:\WINDOWS\System32\Wbem, C:\WINDOWS\System32\WindowsPowerShell\v1.0\, C:\WINDOWS\System32\OpenSSH\, C:\Users\koro\AppData\Local\Microsoft\WindowsApps, C:\Program Files\Bandizip\, C:\Users\koro\.dotnet\tools]
[2021-04-22 14:31:22.981] [application] [DEBUG] [uk.co.caprica.vlcj.discovery.AbstractNativeDiscoveryStrategy] - directoryName=C:\Program Files\VideoLAN\VLC
[2021-04-22 14:31:22.982] [application] [DEBUG] [uk.co.caprica.vlcj.discovery.AbstractNativeDiscoveryStrategy] - Matched 'libvlc.dll' in 'C:\Program Files\VideoLAN\VLC'
[2021-04-22 14:31:22.982] [application] [DEBUG] [uk.co.caprica.vlcj.discovery.AbstractNativeDiscoveryStrategy] - Matched 'libvlccore.dll' in 'C:\Program Files\VideoLAN\VLC'
[2021-04-22 14:31:22.982] [application] [DEBUG] [uk.co.caprica.vlcj.discovery.AbstractNativeDiscoveryStrategy] - Matched all required files
[2021-04-22 14:31:22.982] [application] [DEBUG] [uk.co.caprica.vlcj.discovery.AbstractNativeDiscoveryStrategy] - result=C:\Program Files\VideoLAN\VLC
[2021-04-22 14:31:22.983] [application] [DEBUG] [uk.co.caprica.vlcj.discovery.NativeDiscovery] - path=C:\Program Files\VideoLAN\VLC
[2021-04-22 14:32:57.944] [application] [DEBUG] [uk.co.caprica.vlcj.discovery.NativeDiscovery] - discover()
[2021-04-22 14:32:57.945] [application] [DEBUG] [uk.co.caprica.vlcj.discovery.NativeDiscovery] - jnaLibraryPath=null
[2021-04-22 14:32:57.945] [application] [DEBUG] [uk.co.caprica.vlcj.discovery.NativeDiscovery] - discoveryStrategy=uk.co.caprica.vlcj.discovery.linux.DefaultLinuxNativeDiscoveryStrategy@366ae118
[2021-04-22 14:32:57.945] [application] [DEBUG] [uk.co.caprica.vlcj.discovery.NativeDiscovery] - supported=false
[2021-04-22 14:32:57.945] [application] [DEBUG] [uk.co.caprica.vlcj.discovery.NativeDiscovery] - discoveryStrategy=uk.co.caprica.vlcj.discovery.windows.DefaultWindowsNativeDiscoveryStrategy@507b30e8
[2021-04-22 14:32:57.946] [application] [DEBUG] [uk.co.caprica.vlcj.discovery.NativeDiscovery] - supported=true
[2021-04-22 14:32:57.946] [application] [DEBUG] [uk.co.caprica.vlcj.discovery.AbstractNativeDiscoveryStrategy] - discover()
[2021-04-22 14:32:57.949] [application] [DEBUG] [uk.co.caprica.vlcj.runtime.windows.WindowsRuntimeUtil] - getVlcInstallDir()
[2021-04-22 14:32:58.776] [application] [DEBUG] [uk.co.caprica.vlcj.discovery.AbstractNativeDiscoveryStrategy] - directoryNames=[C:\Program Files\VideoLAN\VLC, D:\jar\Java Swing Tween Engine, C:\Program Files (x86)\Common Files\Intel\Shared Libraries\redist\intel64_win\compiler, C:\ProgramData\Oracle\Java\javapath, C:\Program Files\Common Files\Oracle\Java\javapath, C:\Program Files (x86)\Razer Chroma SDK\bin, C:\Program Files\Razer Chroma SDK\bin, C:\Program Files (x86)\Common Files\Oracle\Java\javapath, C:\Program Files (x86)\Razer\ChromaBroadcast\bin, C:\Program Files\Razer\ChromaBroadcast\bin, C:\Windows\system32, C:\Windows, C:\Windows\System32\Wbem, C:\Windows\System32\WindowsPowerShell\v1.0\, C:\Windows\System32\OpenSSH\, C:\Windows\system32\config\systemprofile\AppData\Local\Microsoft\WindowsApps, C:\Program Files\PuTTY\, C:\Program Files\Git\cmd, E:\Program Files (x86)\Microsoft Visual Studio\Shared\Python37_64\Scripts, C:\Program Files\dotnet\, "C:\Program Files\Java\jre1.8.0_261%\bin, C:\Program Files\Java\jre1.8.0_261\jre\bin, ", C:\Program Files (x86)\dotnet\, C:\WINDOWS\system32, C:\WINDOWS, C:\WINDOWS\System32\Wbem, C:\WINDOWS\System32\WindowsPowerShell\v1.0\, C:\WINDOWS\System32\OpenSSH\, C:\Users\koro\AppData\Local\Microsoft\WindowsApps, C:\Program Files\Bandizip\, C:\Users\koro\.dotnet\tools]
[2021-04-22 14:32:58.776] [application] [DEBUG] [uk.co.caprica.vlcj.discovery.AbstractNativeDiscoveryStrategy] - directoryName=C:\Program Files\VideoLAN\VLC
[2021-04-22 14:32:58.777] [application] [DEBUG] [uk.co.caprica.vlcj.discovery.AbstractNativeDiscoveryStrategy] - Matched 'libvlc.dll' in 'C:\Program Files\VideoLAN\VLC'
[2021-04-22 14:32:58.777] [application] [DEBUG] [uk.co.caprica.vlcj.discovery.AbstractNativeDiscoveryStrategy] - Matched 'libvlccore.dll' in 'C:\Program Files\VideoLAN\VLC'
[2021-04-22 14:32:58.778] [application] [DEBUG] [uk.co.caprica.vlcj.discovery.AbstractNativeDiscoveryStrategy] - Matched all required files
[2021-04-22 14:32:58.778] [application] [DEBUG] [uk.co.caprica.vlcj.discovery.AbstractNativeDiscoveryStrategy] - result=C:\Program Files\VideoLAN\VLC
[2021-04-22 14:32:58.778] [application] [DEBUG] [uk.co.caprica.vlcj.discovery.NativeDiscovery] - path=C:\Program Files\VideoLAN\VLC
[2021-04-22 14:34:05.499] [application] [DEBUG] [uk.co.caprica.vlcj.discovery.NativeDiscovery] - discover()
[2021-04-22 14:34:05.500] [application] [DEBUG] [uk.co.caprica.vlcj.discovery.NativeDiscovery] - jnaLibraryPath=null
[2021-04-22 14:34:05.500] [application] [DEBUG] [uk.co.caprica.vlcj.discovery.NativeDiscovery] - discoveryStrategy=uk.co.caprica.vlcj.discovery.linux.DefaultLinuxNativeDiscoveryStrategy@11ede2b6
[2021-04-22 14:34:05.500] [application] [DEBUG] [uk.co.caprica.vlcj.discovery.NativeDiscovery] - supported=false
[2021-04-22 14:34:05.500] [application] [DEBUG] [uk.co.caprica.vlcj.discovery.NativeDiscovery] - discoveryStrategy=uk.co.caprica.vlcj.discovery.windows.DefaultWindowsNativeDiscoveryStrategy@23454b2d
[2021-04-22 14:34:05.500] [application] [DEBUG] [uk.co.caprica.vlcj.discovery.NativeDiscovery] - supported=true
[2021-04-22 14:34:05.500] [application] [DEBUG] [uk.co.caprica.vlcj.discovery.AbstractNativeDiscoveryStrategy] - discover()
[2021-04-22 14:34:05.503] [application] [DEBUG] [uk.co.caprica.vlcj.runtime.windows.WindowsRuntimeUtil] - getVlcInstallDir()
[2021-04-22 14:34:06.344] [application] [DEBUG] [uk.co.caprica.vlcj.discovery.AbstractNativeDiscoveryStrategy] - directoryNames=[C:\Program Files\VideoLAN\VLC, D:\jar\Java Swing Tween Engine, C:\Program Files (x86)\Common Files\Intel\Shared Libraries\redist\intel64_win\compiler, C:\ProgramData\Oracle\Java\javapath, C:\Program Files\Common Files\Oracle\Java\javapath, C:\Program Files (x86)\Razer Chroma SDK\bin, C:\Program Files\Razer Chroma SDK\bin, C:\Program Files (x86)\Common Files\Oracle\Java\javapath, C:\Program Files (x86)\Razer\ChromaBroadcast\bin, C:\Program Files\Razer\ChromaBroadcast\bin, C:\Windows\system32, C:\Windows, C:\Windows\System32\Wbem, C:\Windows\System32\WindowsPowerShell\v1.0\, C:\Windows\System32\OpenSSH\, C:\Windows\system32\config\systemprofile\AppData\Local\Microsoft\WindowsApps, C:\Program Files\PuTTY\, C:\Program Files\Git\cmd, E:\Program Files (x86)\Microsoft Visual Studio\Shared\Python37_64\Scripts, C:\Program Files\dotnet\, "C:\Program Files\Java\jre1.8.0_261%\bin, C:\Program Files\Java\jre1.8.0_261\jre\bin, ", C:\Program Files (x86)\dotnet\, C:\WINDOWS\system32, C:\WINDOWS, C:\WINDOWS\System32\Wbem, C:\WINDOWS\System32\WindowsPowerShell\v1.0\, C:\WINDOWS\System32\OpenSSH\, C:\Users\koro\AppData\Local\Microsoft\WindowsApps, C:\Program Files\Bandizip\, C:\Users\koro\.dotnet\tools]
[2021-04-22 14:34:06.345] [application] [DEBUG] [uk.co.caprica.vlcj.discovery.AbstractNativeDiscoveryStrategy] - directoryName=C:\Program Files\VideoLAN\VLC
[2021-04-22 14:34:06.346] [application] [DEBUG] [uk.co.caprica.vlcj.discovery.AbstractNativeDiscoveryStrategy] - Matched 'libvlc.dll' in 'C:\Program Files\VideoLAN\VLC'
[2021-04-22 14:34:06.346] [application] [DEBUG] [uk.co.caprica.vlcj.discovery.AbstractNativeDiscoveryStrategy] - Matched 'libvlccore.dll' in 'C:\Program Files\VideoLAN\VLC'
[2021-04-22 14:34:06.347] [application] [DEBUG] [uk.co.caprica.vlcj.discovery.AbstractNativeDiscoveryStrategy] - Matched all required files
[2021-04-22 14:34:06.347] [application] [DEBUG] [uk.co.caprica.vlcj.discovery.AbstractNativeDiscoveryStrategy] - result=C:\Program Files\VideoLAN\VLC
[2021-04-22 14:34:06.347] [application] [DEBUG] [uk.co.caprica.vlcj.discovery.NativeDiscovery] - path=C:\Program Files\VideoLAN\VLC
[2021-04-22 14:40:12.119] [application] [DEBUG] [uk.co.caprica.vlcj.discovery.NativeDiscovery] - discover()
[2021-04-22 14:40:12.119] [application] [DEBUG] [uk.co.caprica.vlcj.discovery.NativeDiscovery] - jnaLibraryPath=null
[2021-04-22 14:40:12.120] [application] [DEBUG] [uk.co.caprica.vlcj.discovery.NativeDiscovery] - discoveryStrategy=uk.co.caprica.vlcj.discovery.linux.DefaultLinuxNativeDiscoveryStrategy@6ef81a93
[2021-04-22 14:40:12.120] [application] [DEBUG] [uk.co.caprica.vlcj.discovery.NativeDiscovery] - supported=false
[2021-04-22 14:40:12.120] [application] [DEBUG] [uk.co.caprica.vlcj.discovery.NativeDiscovery] - discoveryStrategy=uk.co.caprica.vlcj.discovery.windows.DefaultWindowsNativeDiscoveryStrategy@36551be8
[2021-04-22 14:40:12.120] [application] [DEBUG] [uk.co.caprica.vlcj.discovery.NativeDiscovery] - supported=true
[2021-04-22 14:40:12.120] [application] [DEBUG] [uk.co.caprica.vlcj.discovery.AbstractNativeDiscoveryStrategy] - discover()
[2021-04-22 14:40:12.123] [application] [DEBUG] [uk.co.caprica.vlcj.runtime.windows.WindowsRuntimeUtil] - getVlcInstallDir()
[2021-04-22 14:40:13.067] [application] [DEBUG] [uk.co.caprica.vlcj.discovery.AbstractNativeDiscoveryStrategy] - directoryNames=[C:\Program Files\VideoLAN\VLC, D:\jar\Java Swing Tween Engine, C:\Program Files (x86)\Common Files\Intel\Shared Libraries\redist\intel64_win\compiler, C:\ProgramData\Oracle\Java\javapath, C:\Program Files\Common Files\Oracle\Java\javapath, C:\Program Files (x86)\Razer Chroma SDK\bin, C:\Program Files\Razer Chroma SDK\bin, C:\Program Files (x86)\Common Files\Oracle\Java\javapath, C:\Program Files (x86)\Razer\ChromaBroadcast\bin, C:\Program Files\Razer\ChromaBroadcast\bin, C:\Windows\system32, C:\Windows, C:\Windows\System32\Wbem, C:\Windows\System32\WindowsPowerShell\v1.0\, C:\Windows\System32\OpenSSH\, C:\Windows\system32\config\systemprofile\AppData\Local\Microsoft\WindowsApps, C:\Program Files\PuTTY\, C:\Program Files\Git\cmd, E:\Program Files (x86)\Microsoft Visual Studio\Shared\Python37_64\Scripts, C:\Program Files\dotnet\, "C:\Program Files\Java\jre1.8.0_261%\bin, C:\Program Files\Java\jre1.8.0_261\jre\bin, ", C:\Program Files (x86)\dotnet\, C:\WINDOWS\system32, C:\WINDOWS, C:\WINDOWS\System32\Wbem, C:\WINDOWS\System32\WindowsPowerShell\v1.0\, C:\WINDOWS\System32\OpenSSH\, C:\Users\koro\AppData\Local\Microsoft\WindowsApps, C:\Program Files\Bandizip\, C:\Users\koro\.dotnet\tools]
[2021-04-22 14:40:13.067] [application] [DEBUG] [uk.co.caprica.vlcj.discovery.AbstractNativeDiscoveryStrategy] - directoryName=C:\Program Files\VideoLAN\VLC
[2021-04-22 14:40:13.068] [application] [DEBUG] [uk.co.caprica.vlcj.discovery.AbstractNativeDiscoveryStrategy] - Matched 'libvlc.dll' in 'C:\Program Files\VideoLAN\VLC'
[2021-04-22 14:40:13.069] [application] [DEBUG] [uk.co.caprica.vlcj.discovery.AbstractNativeDiscoveryStrategy] - Matched 'libvlccore.dll' in 'C:\Program Files\VideoLAN\VLC'
[2021-04-22 14:40:13.069] [application] [DEBUG] [uk.co.caprica.vlcj.discovery.AbstractNativeDiscoveryStrategy] - Matched all required files
[2021-04-22 14:40:13.069] [application] [DEBUG] [uk.co.caprica.vlcj.discovery.AbstractNativeDiscoveryStrategy] - result=C:\Program Files\VideoLAN\VLC
[2021-04-22 14:40:13.069] [application] [DEBUG] [uk.co.caprica.vlcj.discovery.NativeDiscovery] - path=C:\Program Files\VideoLAN\VLC
[2021-04-22 14:44:17.425] [application] [DEBUG] [uk.co.caprica.vlcj.discovery.NativeDiscovery] - discover()
[2021-04-22 14:44:17.425] [application] [DEBUG] [uk.co.caprica.vlcj.discovery.NativeDiscovery] - jnaLibraryPath=null
[2021-04-22 14:44:17.425] [application] [DEBUG] [uk.co.caprica.vlcj.discovery.NativeDiscovery] - discoveryStrategy=uk.co.caprica.vlcj.discovery.linux.DefaultLinuxNativeDiscoveryStrategy@6ef81a93
[2021-04-22 14:44:17.426] [application] [DEBUG] [uk.co.caprica.vlcj.discovery.NativeDiscovery] - supported=false
[2021-04-22 14:44:17.426] [application] [DEBUG] [uk.co.caprica.vlcj.discovery.NativeDiscovery] - discoveryStrategy=uk.co.caprica.vlcj.discovery.windows.DefaultWindowsNativeDiscoveryStrategy@36551be8
[2021-04-22 14:44:17.426] [application] [DEBUG] [uk.co.caprica.vlcj.discovery.NativeDiscovery] - supported=true
[2021-04-22 14:44:17.426] [application] [DEBUG] [uk.co.caprica.vlcj.discovery.AbstractNativeDiscoveryStrategy] - discover()
[2021-04-22 14:44:17.428] [application] [DEBUG] [uk.co.caprica.vlcj.runtime.windows.WindowsRuntimeUtil] - getVlcInstallDir()
[2021-04-22 14:44:18.268] [application] [DEBUG] [uk.co.caprica.vlcj.discovery.AbstractNativeDiscoveryStrategy] - directoryNames=[C:\Program Files\VideoLAN\VLC, D:\jar\Java Swing Tween Engine, C:\Program Files (x86)\Common Files\Intel\Shared Libraries\redist\intel64_win\compiler, C:\ProgramData\Oracle\Java\javapath, C:\Program Files\Common Files\Oracle\Java\javapath, C:\Program Files (x86)\Razer Chroma SDK\bin, C:\Program Files\Razer Chroma SDK\bin, C:\Program Files (x86)\Common Files\Oracle\Java\javapath, C:\Program Files (x86)\Razer\ChromaBroadcast\bin, C:\Program Files\Razer\ChromaBroadcast\bin, C:\Windows\system32, C:\Windows, C:\Windows\System32\Wbem, C:\Windows\System32\WindowsPowerShell\v1.0\, C:\Windows\System32\OpenSSH\, C:\Windows\system32\config\systemprofile\AppData\Local\Microsoft\WindowsApps, C:\Program Files\PuTTY\, C:\Program Files\Git\cmd, E:\Program Files (x86)\Microsoft Visual Studio\Shared\Python37_64\Scripts, C:\Program Files\dotnet\, "C:\Program Files\Java\jre1.8.0_261%\bin, C:\Program Files\Java\jre1.8.0_261\jre\bin, ", C:\Program Files (x86)\dotnet\, C:\WINDOWS\system32, C:\WINDOWS, C:\WINDOWS\System32\Wbem, C:\WINDOWS\System32\WindowsPowerShell\v1.0\, C:\WINDOWS\System32\OpenSSH\, C:\Users\koro\AppData\Local\Microsoft\WindowsApps, C:\Program Files\Bandizip\, C:\Users\koro\.dotnet\tools]
[2021-04-22 14:44:18.268] [application] [DEBUG] [uk.co.caprica.vlcj.discovery.AbstractNativeDiscoveryStrategy] - directoryName=C:\Program Files\VideoLAN\VLC
[2021-04-22 14:44:18.269] [application] [DEBUG] [uk.co.caprica.vlcj.discovery.AbstractNativeDiscoveryStrategy] - Matched 'libvlc.dll' in 'C:\Program Files\VideoLAN\VLC'
[2021-04-22 14:44:18.269] [application] [DEBUG] [uk.co.caprica.vlcj.discovery.AbstractNativeDiscoveryStrategy] - Matched 'libvlccore.dll' in 'C:\Program Files\VideoLAN\VLC'
[2021-04-22 14:44:18.269] [application] [DEBUG] [uk.co.caprica.vlcj.discovery.AbstractNativeDiscoveryStrategy] - Matched all required files
[2021-04-22 14:44:18.269] [application] [DEBUG] [uk.co.caprica.vlcj.discovery.AbstractNativeDiscoveryStrategy] - result=C:\Program Files\VideoLAN\VLC
[2021-04-22 14:44:18.269] [application] [DEBUG] [uk.co.caprica.vlcj.discovery.NativeDiscovery] - path=C:\Program Files\VideoLAN\VLC
[2021-04-22 14:53:55.438] [application] [DEBUG] [uk.co.caprica.vlcj.discovery.NativeDiscovery] - discover()
[2021-04-22 14:53:55.439] [application] [DEBUG] [uk.co.caprica.vlcj.discovery.NativeDiscovery] - jnaLibraryPath=null
[2021-04-22 14:53:55.439] [application] [DEBUG] [uk.co.caprica.vlcj.discovery.NativeDiscovery] - discoveryStrategy=uk.co.caprica.vlcj.discovery.linux.DefaultLinuxNativeDiscoveryStrategy@6ef81a93
[2021-04-22 14:53:55.439] [application] [DEBUG] [uk.co.caprica.vlcj.discovery.NativeDiscovery] - supported=false
[2021-04-22 14:53:55.439] [application] [DEBUG] [uk.co.caprica.vlcj.discovery.NativeDiscovery] - discoveryStrategy=uk.co.caprica.vlcj.discovery.windows.DefaultWindowsNativeDiscoveryStrategy@36551be8
[2021-04-22 14:53:55.439] [application] [DEBUG] [uk.co.caprica.vlcj.discovery.NativeDiscovery] - supported=true
[2021-04-22 14:53:55.439] [application] [DEBUG] [uk.co.caprica.vlcj.discovery.AbstractNativeDiscoveryStrategy] - discover()
[2021-04-22 14:53:55.442] [application] [DEBUG] [uk.co.caprica.vlcj.runtime.windows.WindowsRuntimeUtil] - getVlcInstallDir()
[2021-04-22 14:53:56.260] [application] [DEBUG] [uk.co.caprica.vlcj.discovery.AbstractNativeDiscoveryStrategy] - directoryNames=[C:\Program Files\VideoLAN\VLC, D:\jar\Java Swing Tween Engine, C:\Program Files (x86)\Common Files\Intel\Shared Libraries\redist\intel64_win\compiler, C:\ProgramData\Oracle\Java\javapath, C:\Program Files\Common Files\Oracle\Java\javapath, C:\Program Files (x86)\Razer Chroma SDK\bin, C:\Program Files\Razer Chroma SDK\bin, C:\Program Files (x86)\Common Files\Oracle\Java\javapath, C:\Program Files (x86)\Razer\ChromaBroadcast\bin, C:\Program Files\Razer\ChromaBroadcast\bin, C:\Windows\system32, C:\Windows, C:\Windows\System32\Wbem, C:\Windows\System32\WindowsPowerShell\v1.0\, C:\Windows\System32\OpenSSH\, C:\Windows\system32\config\systemprofile\AppData\Local\Microsoft\WindowsApps, C:\Program Files\PuTTY\, C:\Program Files\Git\cmd, E:\Program Files (x86)\Microsoft Visual Studio\Shared\Python37_64\Scripts, C:\Program Files\dotnet\, "C:\Program Files\Java\jre1.8.0_261%\bin, C:\Program Files\Java\jre1.8.0_261\jre\bin, ", C:\Program Files (x86)\dotnet\, C:\WINDOWS\system32, C:\WINDOWS, C:\WINDOWS\System32\Wbem, C:\WINDOWS\System32\WindowsPowerShell\v1.0\, C:\WINDOWS\System32\OpenSSH\, C:\Users\koro\AppData\Local\Microsoft\WindowsApps, C:\Program Files\Bandizip\, C:\Users\koro\.dotnet\tools]
[2021-04-22 14:53:56.261] [application] [DEBUG] [uk.co.caprica.vlcj.discovery.AbstractNativeDiscoveryStrategy] - directoryName=C:\Program Files\VideoLAN\VLC
[2021-04-22 14:53:56.262] [application] [DEBUG] [uk.co.caprica.vlcj.discovery.AbstractNativeDiscoveryStrategy] - Matched 'libvlc.dll' in 'C:\Program Files\VideoLAN\VLC'
[2021-04-22 14:53:56.262] [application] [DEBUG] [uk.co.caprica.vlcj.discovery.AbstractNativeDiscoveryStrategy] - Matched 'libvlccore.dll' in 'C:\Program Files\VideoLAN\VLC'
[2021-04-22 14:53:56.262] [application] [DEBUG] [uk.co.caprica.vlcj.discovery.AbstractNativeDiscoveryStrategy] - Matched all required files
[2021-04-22 14:53:56.262] [application] [DEBUG] [uk.co.caprica.vlcj.discovery.AbstractNativeDiscoveryStrategy] - result=C:\Program Files\VideoLAN\VLC
[2021-04-22 14:53:56.262] [application] [DEBUG] [uk.co.caprica.vlcj.discovery.NativeDiscovery] - path=C:\Program Files\VideoLAN\VLC
[2021-04-22 14:53:56.991] [application] [DEBUG] [cn.korostudio.jsme.window.WindowController] - Window?=false
[2021-04-22 14:53:56.992] [application] [DEBUG] [cn.korostudio.jsme.window.WindowController] - Window Size is:w=1024 h=720
[2021-04-22 14:53:56.994] [application] [DEBUG] [cn.korostudio.jsme.window.WindowController] - SetFullSceen:false
[2021-04-22 14:53:57.509] [application] [DEBUG] [cn.korostudio.jsme.window.WindowController] - Start Game Loop
[2021-04-22 14:54:05.978] [AWT-EventQueue-0] [DEBUG] [cn.korostudio.jsme.window.WindowController] - Stop Game Loop
[2021-04-22 14:57:57.732] [application] [DEBUG] [cn.korostudio.jsme.core.ApplicationCore] - VLCJ Support:true
[2021-04-22 14:57:57.751] [application] [DEBUG] [uk.co.caprica.vlcj.discovery.NativeDiscovery] - discover()
[2021-04-22 14:57:57.752] [application] [DEBUG] [uk.co.caprica.vlcj.discovery.NativeDiscovery] - jnaLibraryPath=null
[2021-04-22 14:57:57.752] [application] [DEBUG] [uk.co.caprica.vlcj.discovery.NativeDiscovery] - discoveryStrategy=uk.co.caprica.vlcj.discovery.linux.DefaultLinuxNativeDiscoveryStrategy@366ae118
[2021-04-22 14:57:57.752] [application] [DEBUG] [uk.co.caprica.vlcj.discovery.NativeDiscovery] - supported=false
[2021-04-22 14:57:57.752] [application] [DEBUG] [uk.co.caprica.vlcj.discovery.NativeDiscovery] - discoveryStrategy=uk.co.caprica.vlcj.discovery.windows.DefaultWindowsNativeDiscoveryStrategy@507b30e8
[2021-04-22 14:57:57.752] [application] [DEBUG] [uk.co.caprica.vlcj.discovery.NativeDiscovery] - supported=true
[2021-04-22 14:57:57.752] [application] [DEBUG] [uk.co.caprica.vlcj.discovery.AbstractNativeDiscoveryStrategy] - discover()
[2021-04-22 14:57:57.755] [application] [DEBUG] [uk.co.caprica.vlcj.runtime.windows.WindowsRuntimeUtil] - getVlcInstallDir()
[2021-04-22 14:57:58.569] [application] [DEBUG] [uk.co.caprica.vlcj.discovery.AbstractNativeDiscoveryStrategy] - directoryNames=[C:\Program Files\VideoLAN\VLC, D:\jar\Java Swing Tween Engine, C:\Program Files (x86)\Common Files\Intel\Shared Libraries\redist\intel64_win\compiler, C:\ProgramData\Oracle\Java\javapath, C:\Program Files\Common Files\Oracle\Java\javapath, C:\Program Files (x86)\Razer Chroma SDK\bin, C:\Program Files\Razer Chroma SDK\bin, C:\Program Files (x86)\Common Files\Oracle\Java\javapath, C:\Program Files (x86)\Razer\ChromaBroadcast\bin, C:\Program Files\Razer\ChromaBroadcast\bin, C:\Windows\system32, C:\Windows, C:\Windows\System32\Wbem, C:\Windows\System32\WindowsPowerShell\v1.0\, C:\Windows\System32\OpenSSH\, C:\Windows\system32\config\systemprofile\AppData\Local\Microsoft\WindowsApps, C:\Program Files\PuTTY\, C:\Program Files\Git\cmd, E:\Program Files (x86)\Microsoft Visual Studio\Shared\Python37_64\Scripts, C:\Program Files\dotnet\, "C:\Program Files\Java\jre1.8.0_261%\bin, C:\Program Files\Java\jre1.8.0_261\jre\bin, ", C:\Program Files (x86)\dotnet\, C:\WINDOWS\system32, C:\WINDOWS, C:\WINDOWS\System32\Wbem, C:\WINDOWS\System32\WindowsPowerShell\v1.0\, C:\WINDOWS\System32\OpenSSH\, C:\Users\koro\AppData\Local\Microsoft\WindowsApps, C:\Program Files\Bandizip\, C:\Users\koro\.dotnet\tools]
[2021-04-22 14:57:58.570] [application] [DEBUG] [uk.co.caprica.vlcj.discovery.AbstractNativeDiscoveryStrategy] - directoryName=C:\Program Files\VideoLAN\VLC
[2021-04-22 14:57:58.570] [application] [DEBUG] [uk.co.caprica.vlcj.discovery.AbstractNativeDiscoveryStrategy] - Matched 'libvlc.dll' in 'C:\Program Files\VideoLAN\VLC'
[2021-04-22 14:57:58.570] [application] [DEBUG] [uk.co.caprica.vlcj.discovery.AbstractNativeDiscoveryStrategy] - Matched 'libvlccore.dll' in 'C:\Program Files\VideoLAN\VLC'
[2021-04-22 14:57:58.571] [application] [DEBUG] [uk.co.caprica.vlcj.discovery.AbstractNativeDiscoveryStrategy] - Matched all required files
[2021-04-22 14:57:58.571] [application] [DEBUG] [uk.co.caprica.vlcj.discovery.AbstractNativeDiscoveryStrategy] - result=C:\Program Files\VideoLAN\VLC
[2021-04-22 14:57:58.571] [application] [DEBUG] [uk.co.caprica.vlcj.discovery.NativeDiscovery] - path=C:\Program Files\VideoLAN\VLC
[2021-04-22 14:57:59.501] [application] [DEBUG] [cn.korostudio.jsme.window.WindowController] - IsWindow:false
[2021-04-22 14:57:59.502] [application] [DEBUG] [cn.korostudio.jsme.window.WindowController] - Window Size is:w=1024 h=720
[2021-04-22 14:57:59.505] [application] [DEBUG] [cn.korostudio.jsme.window.WindowController] - SetFullSceen:false
[2021-04-22 14:58:00.017] [application] [DEBUG] [cn.korostudio.jsme.window.WindowController] - Start Game Loop
[2021-04-22 14:58:00.018] [application] [DEBUG] [cn.korostudio.jsme.core.ApplicationCore] - Core is start
[2021-04-22 14:58:18.565] [AWT-EventQueue-0] [DEBUG] [cn.korostudio.jsme.window.WindowController] - Stop Game Loop
[2021-04-22 14:58:18.565] [AWT-EventQueue-0] [DEBUG] [cn.korostudio.jsme.core.ApplicationCore] - Core is stop.
[2021-04-22 14:59:35.873] [application] [DEBUG] [cn.korostudio.jsme.core.ApplicationCore] - VLCJ Support:false
[2021-04-22 14:59:37.279] [application] [DEBUG] [cn.korostudio.jsme.window.WindowController] - IsWindow:false
[2021-04-22 14:59:37.280] [application] [DEBUG] [cn.korostudio.jsme.window.WindowController] - Window Size is:w=1024 h=720
[2021-04-22 14:59:37.282] [application] [DEBUG] [cn.korostudio.jsme.window.WindowController] - SetFullSceen:false
[2021-04-22 14:59:37.875] [application] [DEBUG] [cn.korostudio.jsme.window.WindowController] - Start Game Loop
[2021-04-22 14:59:37.875] [application] [DEBUG] [cn.korostudio.jsme.core.ApplicationCore] - Application Core is start
[2021-04-22 15:00:54.547] [application] [DEBUG] [cn.korostudio.jsme.core.ApplicationCore] - VLCJ Support:false
[2021-04-22 15:00:54.550] [application] [DEBUG] [cn.korostudio.jsme.core.Application] - Flat Support:true
[2021-04-22 15:00:55.851] [application] [DEBUG] [cn.korostudio.jsme.window.WindowController] - IsWindow:false
[2021-04-22 15:00:55.852] [application] [DEBUG] [cn.korostudio.jsme.window.WindowController] - Window Size is:w=1024 h=720
[2021-04-22 15:00:55.854] [application] [DEBUG] [cn.korostudio.jsme.window.WindowController] - SetFullSceen:false
[2021-04-22 15:00:56.427] [application] [DEBUG] [cn.korostudio.jsme.window.WindowController] - Start Game Loop
[2021-04-22 15:00:56.427] [application] [DEBUG] [cn.korostudio.jsme.core.ApplicationCore] - Application Core is start
[2021-04-22 20:39:22.651] [application] [DEBUG] [cn.korostudio.jsme.core.ApplicationCore] - VLCJ Support:false
[2021-04-22 20:39:22.654] [application] [DEBUG] [cn.korostudio.jsme.core.Application] - Flat Support:true
[2021-04-22 20:39:24.187] [application] [DEBUG] [cn.korostudio.jsme.window.WindowController] - IsWindow:false
[2021-04-22 20:39:24.187] [application] [DEBUG] [cn.korostudio.jsme.window.WindowController] - Window Size is:w=1024 h=720
[2021-04-22 20:39:24.189] [application] [DEBUG] [cn.korostudio.jsme.window.WindowController] - SetFullSceen:false
[2021-04-22 20:39:25.191] [application] [DEBUG] [cn.korostudio.jsme.window.WindowController] - Start Game Loop
[2021-04-22 20:39:25.192] [application] [DEBUG] [cn.korostudio.jsme.core.ApplicationCore] - Application Core is start
[2021-04-22 20:39:35.899] [AWT-EventQueue-0] [DEBUG] [cn.korostudio.jsme.window.WindowController] - Stop Game Loop
[2021-04-22 20:39:35.899] [AWT-EventQueue-0] [DEBUG] [cn.korostudio.jsme.core.ApplicationCore] - Application Core is stop.
